This is pdfTeX, Version 3.14159265-2.6-1.40.19 (TeX Live 2018) (preloaded format=pdflatex 2022.6.1)  28 APR 2023 11:39
entering extended mode
 \write18 enabled.
 %&-line parsing enabled.
**main.tex
(./main.tex
LaTeX2e <2018-04-01> patch level 5
(/usr/share/texlive/texmf-dist/tex/latex/IEEEtran/IEEEtran.cls
Document Class: IEEEtran 2015/08/26 V1.8b by Michael Shell
-- See the "IEEEtran_HOWTO" manual for usage information.
-- http://www.michaelshell.org/tex/ieeetran/
\@IEEEtrantmpdimenA=\dimen102
\@IEEEtrantmpdimenB=\dimen103
\@IEEEtrantmpdimenC=\dimen104
\@IEEEtrantmpcountA=\count80
\@IEEEtrantmpcountB=\count81
\@IEEEtrantmpcountC=\count82
\@IEEEtrantmptoksA=\toks14
LaTeX Font Info:    Try loading font information for OT1+ppl on input line 503.

(/usr/share/texlive/texmf-dist/tex/latex/psnfss/ot1ppl.fd
File: ot1ppl.fd 2001/06/04 font definitions for OT1/ppl.
)
-- Using IEEE Computer Society mode.
** ATTENTION: Single column mode is not typically used with IEEE publications.
-- Using 8.5in x 11in (letter) paper.
-- Using PDF output.
\@IEEEnormalsizeunitybaselineskip=\dimen105
-- This is a 10 point document.
\CLASSINFOnormalsizebaselineskip=\dimen106
\CLASSINFOnormalsizeunitybaselineskip=\dimen107
\IEEEnormaljot=\dimen108
LaTeX Font Info:    Font shape `OT1/ppl/bx/n' in size <5.01874> not available
(Font)              Font shape `OT1/ppl/b/n' tried instead on input line 1090.
LaTeX Font Info:    Font shape `OT1/ppl/bx/it' in size <5.01874> not available
(Font)              Font shape `OT1/ppl/b/it' tried instead on input line 1090.

LaTeX Font Info:    Font shape `OT1/ppl/bx/n' in size <7.02625> not available
(Font)              Font shape `OT1/ppl/b/n' tried instead on input line 1090.
LaTeX Font Info:    Font shape `OT1/ppl/bx/it' in size <7.02625> not available
(Font)              Font shape `OT1/ppl/b/it' tried instead on input line 1090.

LaTeX Font Info:    Font shape `OT1/ppl/bx/n' in size <8.03> not available
(Font)              Font shape `OT1/ppl/b/n' tried instead on input line 1090.
LaTeX Font Info:    Font shape `OT1/ppl/bx/it' in size <8.03> not available
(Font)              Font shape `OT1/ppl/b/it' tried instead on input line 1090.

LaTeX Font Info:    Font shape `OT1/ppl/bx/n' in size <9.03374> not available
(Font)              Font shape `OT1/ppl/b/n' tried instead on input line 1090.
LaTeX Font Info:    Font shape `OT1/ppl/bx/it' in size <9.03374> not available
(Font)              Font shape `OT1/ppl/b/it' tried instead on input line 1090.

LaTeX Font Info:    Font shape `OT1/ppl/bx/n' in size <9.53561> not available
(Font)              Font shape `OT1/ppl/b/n' tried instead on input line 1090.
LaTeX Font Info:    Font shape `OT1/ppl/bx/it' in size <9.53561> not available
(Font)              Font shape `OT1/ppl/b/it' tried instead on input line 1090.

LaTeX Font Info:    Font shape `OT1/ppl/bx/n' in size <11.04124> not available
(Font)              Font shape `OT1/ppl/b/n' tried instead on input line 1090.
LaTeX Font Info:    Font shape `OT1/ppl/bx/it' in size <11.04124> not available

(Font)              Font shape `OT1/ppl/b/it' tried instead on input line 1090.

LaTeX Font Info:    Font shape `OT1/ppl/bx/n' in size <12.045> not available
(Font)              Font shape `OT1/ppl/b/n' tried instead on input line 1090.
LaTeX Font Info:    Font shape `OT1/ppl/bx/it' in size <12.045> not available
(Font)              Font shape `OT1/ppl/b/it' tried instead on input line 1090.

LaTeX Font Info:    Font shape `OT1/ppl/bx/n' in size <17.06374> not available
(Font)              Font shape `OT1/ppl/b/n' tried instead on input line 1090.
LaTeX Font Info:    Font shape `OT1/ppl/bx/it' in size <17.06374> not available

(Font)              Font shape `OT1/ppl/b/it' tried instead on input line 1090.

LaTeX Font Info:    Font shape `OT1/ppl/bx/n' in size <20.075> not available
(Font)              Font shape `OT1/ppl/b/n' tried instead on input line 1090.
LaTeX Font Info:    Font shape `OT1/ppl/bx/it' in size <20.075> not available
(Font)              Font shape `OT1/ppl/b/it' tried instead on input line 1090.

LaTeX Font Info:    Font shape `OT1/ppl/bx/n' in size <24.09> not available
(Font)              Font shape `OT1/ppl/b/n' tried instead on input line 1090.
LaTeX Font Info:    Font shape `OT1/ppl/bx/it' in size <24.09> not available
(Font)              Font shape `OT1/ppl/b/it' tried instead on input line 1090.

\IEEEquantizedlength=\dimen109
\IEEEquantizedlengthdiff=\dimen110
\IEEEquantizedtextheightdiff=\dimen111
\IEEEilabelindentA=\dimen112
\IEEEilabelindentB=\dimen113
\IEEEilabelindent=\dimen114
\IEEEelabelindent=\dimen115
\IEEEdlabelindent=\dimen116
\IEEElabelindent=\dimen117
\IEEEiednormlabelsep=\dimen118
\IEEEiedmathlabelsep=\dimen119
\IEEEiedtopsep=\skip41
\c@section=\count83
\c@subsection=\count84
\c@subsubsection=\count85
\c@paragraph=\count86
\c@IEEEsubequation=\count87
\abovecaptionskip=\skip42
\belowcaptionskip=\skip43
\c@figure=\count88
\c@table=\count89
\@IEEEeqnnumcols=\count90
\@IEEEeqncolcnt=\count91
\@IEEEsubeqnnumrollback=\count92
\@IEEEquantizeheightA=\dimen120
\@IEEEquantizeheightB=\dimen121
\@IEEEquantizeheightC=\dimen122
\@IEEEquantizeprevdepth=\dimen123
\@IEEEquantizemultiple=\count93
\@IEEEquantizeboxA=\box26
\@IEEEtmpitemindent=\dimen124
\IEEEPARstartletwidth=\dimen125
\c@IEEEbiography=\count94
\@IEEEtranrubishbin=\box27
) (/usr/share/texlive/texmf-dist/tex/latex/enumitem/enumitem.sty
Package: enumitem 2011/09/28 v3.5.2 Customized lists
\enitkv@toks@=\toks15
\labelindent=\skip44
\enit@outerparindent=\dimen126
\enit@toks=\toks16
\enit@inbox=\box28
\enitdp@description=\count95
)
(./preamble.tex (/usr/share/texlive/texmf-dist/tex/latex/etex-pkg/etex.sty
Package: etex 2016/08/01 v2.7 eTeX basic definition package (PEB,DPC)
\et@xins=\count96
)
(/usr/share/texlive/texmf-dist/tex/latex/amsfonts/amssymb.sty
Package: amssymb 2013/01/14 v3.01 AMS font symbols

(/usr/share/texlive/texmf-dist/tex/latex/amsfonts/amsfonts.sty
Package: amsfonts 2013/01/14 v3.01 Basic AMSFonts support
\@emptytoks=\toks17
\symAMSa=\mathgroup4
\symAMSb=\mathgroup5
LaTeX Font Info:    Overwriting math alphabet `\mathfrak' in version `bold'
(Font)                  U/euf/m/n --> U/euf/b/n on input line 106.
))
(/usr/share/texlive/texmf-dist/tex/latex/amsmath/amsmath.sty
Package: amsmath 2017/09/02 v2.17a AMS math features
\@mathmargin=\skip45

For additional information on amsmath, use the `?' option.
(/usr/share/texlive/texmf-dist/tex/latex/amsmath/amstext.sty
Package: amstext 2000/06/29 v2.01 AMS text

(/usr/share/texlive/texmf-dist/tex/latex/amsmath/amsgen.sty
File: amsgen.sty 1999/11/30 v2.0 generic functions
\@emptytoks=\toks18
\ex@=\dimen127
))
(/usr/share/texlive/texmf-dist/tex/latex/amsmath/amsbsy.sty
Package: amsbsy 1999/11/29 v1.2d Bold Symbols
\pmbraise@=\dimen128
)
(/usr/share/texlive/texmf-dist/tex/latex/amsmath/amsopn.sty
Package: amsopn 2016/03/08 v2.02 operator names
)
\inf@bad=\count97
LaTeX Info: Redefining \frac on input line 213.
\uproot@=\count98
\leftroot@=\count99
LaTeX Info: Redefining \overline on input line 375.
\classnum@=\count100
\DOTSCASE@=\count101
LaTeX Info: Redefining \ldots on input line 472.
LaTeX Info: Redefining \dots on input line 475.
LaTeX Info: Redefining \cdots on input line 596.
\Mathstrutbox@=\box29
\strutbox@=\box30
\big@size=\dimen129
LaTeX Font Info:    Redeclaring font encoding OML on input line 712.
LaTeX Font Info:    Redeclaring font encoding OMS on input line 713.
\macc@depth=\count102
\c@MaxMatrixCols=\count103
\dotsspace@=\muskip10
\c@parentequation=\count104
\dspbrk@lvl=\count105
\tag@help=\toks19
\row@=\count106
\column@=\count107
\maxfields@=\count108
\andhelp@=\toks20
\eqnshift@=\dimen130
\alignsep@=\dimen131
\tagshift@=\dimen132
\tagwidth@=\dimen133
\totwidth@=\dimen134
\lineht@=\dimen135
\@envbody=\toks21
\multlinegap=\skip46
\multlinetaggap=\skip47
\mathdisplay@stack=\toks22
LaTeX Info: Redefining \[ on input line 2817.
LaTeX Info: Redefining \] on input line 2818.
)
(/usr/share/texlive/texmf-dist/tex/latex/amscls/amsthm.sty
Package: amsthm 2017/10/31 v2.20.4
\thm@style=\toks23
\thm@bodyfont=\toks24
\thm@headfont=\toks25
\thm@notefont=\toks26
\thm@headpunct=\toks27
\thm@preskip=\skip48
\thm@postskip=\skip49
\thm@headsep=\skip50
\dth@everypar=\toks28
)
(/usr/share/texlive/texmf-dist/tex/latex/graphics/graphicx.sty
Package: graphicx 2017/06/01 v1.1a Enhanced LaTeX Graphics (DPC,SPQR)

(/usr/share/texlive/texmf-dist/tex/latex/graphics/keyval.sty
Package: keyval 2014/10/28 v1.15 key=value parser (DPC)
\KV@toks@=\toks29
)
(/usr/share/texlive/texmf-dist/tex/latex/graphics/graphics.sty
Package: graphics 2017/06/25 v1.2c Standard LaTeX Graphics (DPC,SPQR)

(/usr/share/texlive/texmf-dist/tex/latex/graphics/trig.sty
Package: trig 2016/01/03 v1.10 sin cos tan (DPC)
)
(/usr/share/texlive/texmf-dist/tex/latex/graphics-cfg/graphics.cfg
File: graphics.cfg 2016/06/04 v1.11 sample graphics configuration
)
Package graphics Info: Driver file: pdftex.def on input line 99.

(/usr/share/texlive/texmf-dist/tex/latex/graphics-def/pdftex.def
File: pdftex.def 2018/01/08 v1.0l Graphics/color driver for pdftex
))
\Gin@req@height=\dimen136
\Gin@req@width=\dimen137
)
(/usr/share/texlive/texmf-dist/tex/latex/booktabs/booktabs.sty
Package: booktabs 2016/04/27 v1.618033 publication quality tables
\heavyrulewidth=\dimen138
\lightrulewidth=\dimen139
\cmidrulewidth=\dimen140
\belowrulesep=\dimen141
\belowbottomsep=\dimen142
\aboverulesep=\dimen143
\abovetopsep=\dimen144
\cmidrulesep=\dimen145
\cmidrulekern=\dimen146
\defaultaddspace=\dimen147
\@cmidla=\count109
\@cmidlb=\count110
\@aboverulesep=\dimen148
\@belowrulesep=\dimen149
\@thisruleclass=\count111
\@lastruleclass=\count112
\@thisrulewidth=\dimen150
)
(/usr/share/texlive/texmf-dist/tex/latex/xcolor/xcolor.sty
Package: xcolor 2016/05/11 v2.12 LaTeX color extensions (UK)

(/usr/share/texlive/texmf-dist/tex/latex/graphics-cfg/color.cfg
File: color.cfg 2016/01/02 v1.6 sample color configuration
)
Package xcolor Info: Package option `usenames' ignored on input line 216.
Package xcolor Info: Driver file: pdftex.def on input line 225.
Package xcolor Info: Model `cmy' substituted by `cmy0' on input line 1348.
Package xcolor Info: Model `hsb' substituted by `rgb' on input line 1352.
Package xcolor Info: Model `RGB' extended on input line 1364.
Package xcolor Info: Model `HTML' substituted by `rgb' on input line 1366.
Package xcolor Info: Model `Hsb' substituted by `hsb' on input line 1367.
Package xcolor Info: Model `tHsb' substituted by `hsb' on input line 1368.
Package xcolor Info: Model `HSB' substituted by `hsb' on input line 1369.
Package xcolor Info: Model `Gray' substituted by `gray' on input line 1370.
Package xcolor Info: Model `wave' substituted by `hsb' on input line 1371.

(/usr/share/texlive/texmf-dist/tex/latex/graphics/dvipsnam.def
File: dvipsnam.def 2016/06/17 v3.0m Driver-dependent file (DPC,SPQR)
)
(/usr/share/texlive/texmf-dist/tex/latex/xcolor/svgnam.def
File: svgnam.def 2016/05/11 v2.12 Predefined colors according to SVG 1.1 (UK)
)
(/usr/share/texlive/texmf-dist/tex/latex/xcolor/x11nam.def
File: x11nam.def 2016/05/11 v2.12 Predefined colors according to Unix/X11 (UK)
))
(/usr/share/texlive/texmf-dist/tex/latex/doublestroke/dsfont.sty
Package: dsfont 1995/08/01 v0.1 Double stroke roman fonts
)
(/usr/share/texlive/texmf-dist/tex/latex/jknapltx/mathrsfs.sty
Package: mathrsfs 1996/01/01 Math RSFS package v1.0 (jk)
\symrsfs=\mathgroup6
)
(/usr/share/texlive/texmf-dist/tex/latex/texshade/texshade.sty
Package: texshade 2018/01/17 LaTeX TeXshade (v1.25)

Package `texshade', Version 1.25 of 2018/01/17.
\structurefile=\read1
\featurefile=\write3
\alignfile=\read2
\sublogofile=\read3
\exp@rtfile=\write4
\symalphahelix=\mathgroup7
\loopcount=\count113
\innerloopcount=\count114
\outerloopcount=\count115
\seq@count=\count116
\killseq@count=\count117
\seq@percent=\count118
\res@count=\count119
\seq@pointer=\count120
\pos@count=\count121
\res@perline=\count122
\end@count=\count123
\cons@count=\count124
\total@count=\count125
\temp@count=\count126
\triple@count=\count127
\temp@@count=\count128
\pos@sum=\count129
\box@width=\skip51
\name@width=\skip52
\box@depth=\skip53
\width@tmp=\skip54
\box@height=\skip55
\number@width=\skip56
\line@stretch=\skip57
\center@fill=\skip58
\arrow@width=\skip59
\arrow@height=\skip60
\rule@thick=\skip61
\arrow@thick=\skip62
\logo@height=\skip63
\equal@width=\skip64
\equal@tmp=\skip65
\equal@height=\skip66
\temp@@length=\skip67
\vspace@legend=\skip68
\hspace@legend=\skip69
\bar@length=\skip70
)
(/usr/share/texlive/texmf-dist/tex/latex/hyperref/hyperref.sty
Package: hyperref 2018/02/06 v6.86b Hypertext links for LaTeX

(/usr/share/texlive/texmf-dist/tex/generic/oberdiek/hobsub-hyperref.sty
Package: hobsub-hyperref 2016/05/16 v1.14 Bundle oberdiek, subset hyperref (HO)


(/usr/share/texlive/texmf-dist/tex/generic/oberdiek/hobsub-generic.sty
Package: hobsub-generic 2016/05/16 v1.14 Bundle oberdiek, subset generic (HO)
Package: hobsub 2016/05/16 v1.14 Construct package bundles (HO)
Package: infwarerr 2016/05/16 v1.4 Providing info/warning/error messages (HO)
Package: ltxcmds 2016/05/16 v1.23 LaTeX kernel commands for general use (HO)
Package: ifluatex 2016/05/16 v1.4 Provides the ifluatex switch (HO)
Package ifluatex Info: LuaTeX not detected.
Package: ifvtex 2016/05/16 v1.6 Detect VTeX and its facilities (HO)
Package ifvtex Info: VTeX not detected.
Package: intcalc 2016/05/16 v1.2 Expandable calculations with integers (HO)
Package: ifpdf 2017/03/15 v3.2 Provides the ifpdf switch
Package: etexcmds 2016/05/16 v1.6 Avoid name clashes with e-TeX commands (HO)
Package etexcmds Info: Could not find \expanded.
(etexcmds)             That can mean that you are not using pdfTeX 1.50 or
(etexcmds)             that some package has redefined \expanded.
(etexcmds)             In the latter case, load this package earlier.
Package: kvsetkeys 2016/05/16 v1.17 Key value parser (HO)
Package: kvdefinekeys 2016/05/16 v1.4 Define keys (HO)
Package: pdftexcmds 2018/01/30 v0.27 Utility functions of pdfTeX for LuaTeX (HO
)
Package pdftexcmds Info: LuaTeX not detected.
Package pdftexcmds Info: \pdf@primitive is available.
Package pdftexcmds Info: \pdf@ifprimitive is available.
Package pdftexcmds Info: \pdfdraftmode found.
Package: pdfescape 2016/05/16 v1.14 Implements pdfTeX's escape features (HO)
Package: bigintcalc 2016/05/16 v1.4 Expandable calculations on big integers (HO
)
Package: bitset 2016/05/16 v1.2 Handle bit-vector datatype (HO)
Package: uniquecounter 2016/05/16 v1.3 Provide unlimited unique counter (HO)
)
Package hobsub Info: Skipping package `hobsub' (already loaded).
Package: letltxmacro 2016/05/16 v1.5 Let assignment for LaTeX macros (HO)
Package: hopatch 2016/05/16 v1.3 Wrapper for package hooks (HO)
Package: xcolor-patch 2016/05/16 xcolor patch
Package: atveryend 2016/05/16 v1.9 Hooks at the very end of document (HO)
Package atveryend Info: \enddocument detected (standard20110627).
Package: atbegshi 2016/06/09 v1.18 At begin shipout hook (HO)
Package: refcount 2016/05/16 v3.5 Data extraction from label references (HO)
Package: hycolor 2016/05/16 v1.8 Color options for hyperref/bookmark (HO)
)
(/usr/share/texlive/texmf-dist/tex/generic/ifxetex/ifxetex.sty
Package: ifxetex 2010/09/12 v0.6 Provides ifxetex conditional
)
(/usr/share/texlive/texmf-dist/tex/latex/oberdiek/auxhook.sty
Package: auxhook 2016/05/16 v1.4 Hooks for auxiliary files (HO)
)
(/usr/share/texlive/texmf-dist/tex/latex/oberdiek/kvoptions.sty
Package: kvoptions 2016/05/16 v3.12 Key value format for package options (HO)
)
\@linkdim=\dimen151
\Hy@linkcounter=\count130
\Hy@pagecounter=\count131

(/usr/share/texlive/texmf-dist/tex/latex/hyperref/pd1enc.def
File: pd1enc.def 2018/02/06 v6.86b Hyperref: PDFDocEncoding definition (HO)
Now handling font encoding PD1 ...
... no UTF-8 mapping file for font encoding PD1
)
\Hy@SavedSpaceFactor=\count132

(/usr/share/texlive/texmf-dist/tex/latex/latexconfig/hyperref.cfg
File: hyperref.cfg 2002/06/06 v1.2 hyperref configuration of TeXLive
)
Package hyperref Info: Hyper figures OFF on input line 4509.
Package hyperref Info: Link nesting OFF on input line 4514.
Package hyperref Info: Hyper index ON on input line 4517.
Package hyperref Info: Plain pages OFF on input line 4524.
Package hyperref Info: Backreferencing OFF on input line 4529.
Package hyperref Info: Implicit mode ON; LaTeX internals redefined.
Package hyperref Info: Bookmarks ON on input line 4762.
\c@Hy@tempcnt=\count133

(/usr/share/texlive/texmf-dist/tex/latex/url/url.sty
\Urlmuskip=\muskip11
Package: url 2013/09/16  ver 3.4  Verb mode for urls, etc.
)
LaTeX Info: Redefining \url on input line 5115.
\XeTeXLinkMargin=\dimen152
\Fld@menulength=\count134
\Field@Width=\dimen153
\Fld@charsize=\dimen154
Package hyperref Info: Hyper figures OFF on input line 6369.
Package hyperref Info: Link nesting OFF on input line 6374.
Package hyperref Info: Hyper index ON on input line 6377.
Package hyperref Info: backreferencing OFF on input line 6384.
Package hyperref Info: Link coloring OFF on input line 6389.
Package hyperref Info: Link coloring with OCG OFF on input line 6394.
Package hyperref Info: PDF/A mode OFF on input line 6399.
LaTeX Info: Redefining \ref on input line 6439.
LaTeX Info: Redefining \pageref on input line 6443.
\Hy@abspage=\count135
\c@Item=\count136
\c@Hfootnote=\count137
)
Package hyperref Info: Driver (autodetected): hpdftex.

(/usr/share/texlive/texmf-dist/tex/latex/hyperref/hpdftex.def
File: hpdftex.def 2018/02/06 v6.86b Hyperref driver for pdfTeX
\Fld@listcount=\count138
\c@bookmark@seq@number=\count139

(/usr/share/texlive/texmf-dist/tex/latex/oberdiek/rerunfilecheck.sty
Package: rerunfilecheck 2016/05/16 v1.8 Rerun checks for auxiliary files (HO)
Package uniquecounter Info: New unique counter `rerunfilecheck' on input line 2
82.
)
\Hy@SectionHShift=\skip71
)
Package hyperref Info: Option `colorlinks' set `true' on input line 21.
Package hyperref Info: Option `breaklinks' set `false' on input line 21.

(/usr/share/texlive/texmf-dist/tex/latex/tools/array.sty
Package: array 2018/04/30 v2.4h Tabular extension package (FMi)
\col@sep=\dimen155
\ar@mcellbox=\box31
\extrarowheight=\dimen156
\NC@list=\toks30
\extratabsurround=\skip72
\backup@length=\skip73
\ar@cellbox=\box32
)
(/usr/share/texlive/texmf-dist/tex/latex/tools/xr.sty
Package: xr 1994/05/28 v5.02 eXternal References (DPC)
)
(/usr/share/texlive/texmf-dist/tex/latex/tools/verbatim.sty
Package: verbatim 2014/10/28 v1.5q LaTeX2e package for verbatim enhancements
\every@verbatim=\toks31
\verbatim@line=\toks32
\verbatim@in@stream=\read4
)
(/usr/share/texlive/texmf-dist/tex/latex/multirow/multirow.sty
Package: multirow 2018/08/03 v2.3 Span multiple rows of a table
\multirow@colwidth=\skip74
\multirow@cntb=\count140
\multirow@dima=\skip75
\bigstrutjot=\dimen157
)
(/usr/share/texlive/texmf-dist/tex/latex/tools/longtable.sty
Package: longtable 2014/10/28 v4.11 Multi-page Table package (DPC)
\LTleft=\skip76
\LTright=\skip77
\LTpre=\skip78
\LTpost=\skip79
\LTchunksize=\count141
\LTcapwidth=\dimen158
\LT@head=\box33
\LT@firsthead=\box34
\LT@foot=\box35
\LT@lastfoot=\box36
\LT@cols=\count142
\LT@rows=\count143
\c@LT@tables=\count144
\c@LT@chunks=\count145
\LT@p@ftn=\toks33
)
(/usr/share/texlive/texmf-dist/tex/latex/tikz-network/tikz-network.sty
Package: tikz-network 2018/07/30 tikz-network v1.0

(/usr/share/texlive/texmf-dist/tex/latex/xifthen/xifthen.sty
Package: xifthen 2015/11/05 v1.4.0 Extended ifthen features

(/usr/share/texlive/texmf-dist/tex/latex/tools/calc.sty
Package: calc 2017/05/25 v4.3 Infix arithmetic (KKT,FJ)
\calc@Acount=\count146
\calc@Bcount=\count147
\calc@Adimen=\dimen159
\calc@Bdimen=\dimen160
\calc@Askip=\skip80
\calc@Bskip=\skip81
LaTeX Info: Redefining \setlength on input line 80.
LaTeX Info: Redefining \addtolength on input line 81.
\calc@Ccount=\count148
\calc@Cskip=\skip82
)
(/usr/share/texlive/texmf-dist/tex/latex/base/ifthen.sty
Package: ifthen 2014/09/29 v1.1c Standard LaTeX ifthen package (DPC)
)
(/usr/share/texlive/texmf-dist/tex/latex/ifmtarg/ifmtarg.sty
Package: ifmtarg 2018/04/16 v1.2b check for an empty argument
))
(/usr/share/texlive/texmf-dist/tex/latex/xkeyval/xkeyval.sty
Package: xkeyval 2014/12/03 v2.7a package option processing (HA)

(/usr/share/texlive/texmf-dist/tex/generic/xkeyval/xkeyval.tex
(/usr/share/texlive/texmf-dist/tex/generic/xkeyval/xkvutils.tex
\XKV@toks=\toks34
\XKV@tempa@toks=\toks35
)
\XKV@depth=\count149
File: xkeyval.tex 2014/12/03 v2.7a key=value parser (HA)
))
(/usr/share/texlive/texmf-dist/tex/latex/pgf/frontendlayer/tikz.sty
(/usr/share/texlive/texmf-dist/tex/latex/pgf/basiclayer/pgf.sty
(/usr/share/texlive/texmf-dist/tex/latex/pgf/utilities/pgfrcs.sty
(/usr/share/texlive/texmf-dist/tex/generic/pgf/utilities/pgfutil-common.tex
\pgfutil@everybye=\toks36
\pgfutil@tempdima=\dimen161
\pgfutil@tempdimb=\dimen162

(/usr/share/texlive/texmf-dist/tex/generic/pgf/utilities/pgfutil-common-lists.t
ex)) (/usr/share/texlive/texmf-dist/tex/generic/pgf/utilities/pgfutil-latex.def
\pgfutil@abb=\box37
(/usr/share/texlive/texmf-dist/tex/latex/ms/everyshi.sty
Package: everyshi 2001/05/15 v3.00 EveryShipout Package (MS)
))
(/usr/share/texlive/texmf-dist/tex/generic/pgf/utilities/pgfrcs.code.tex
Package: pgfrcs 2015/08/07 v3.0.1a (rcs-revision 1.31)
))
Package: pgf 2015/08/07 v3.0.1a (rcs-revision 1.15)

(/usr/share/texlive/texmf-dist/tex/latex/pgf/basiclayer/pgfcore.sty
(/usr/share/texlive/texmf-dist/tex/latex/pgf/systemlayer/pgfsys.sty
(/usr/share/texlive/texmf-dist/tex/generic/pgf/systemlayer/pgfsys.code.tex
Package: pgfsys 2014/07/09 v3.0.1a (rcs-revision 1.48)

(/usr/share/texlive/texmf-dist/tex/generic/pgf/utilities/pgfkeys.code.tex
\pgfkeys@pathtoks=\toks37
\pgfkeys@temptoks=\toks38

(/usr/share/texlive/texmf-dist/tex/generic/pgf/utilities/pgfkeysfiltered.code.t
ex
\pgfkeys@tmptoks=\toks39
))
\pgf@x=\dimen163
\pgf@y=\dimen164
\pgf@xa=\dimen165
\pgf@ya=\dimen166
\pgf@xb=\dimen167
\pgf@yb=\dimen168
\pgf@xc=\dimen169
\pgf@yc=\dimen170
\w@pgf@writea=\write5
\r@pgf@reada=\read5
\c@pgf@counta=\count150
\c@pgf@countb=\count151
\c@pgf@countc=\count152
\c@pgf@countd=\count153
\t@pgf@toka=\toks40
\t@pgf@tokb=\toks41
\t@pgf@tokc=\toks42
 (/usr/share/texlive/texmf-dist/tex/generic/pgf/systemlayer/pgf.cfg
File: pgf.cfg 2008/05/14  (rcs-revision 1.7)
)
Driver file for pgf: pgfsys-pdftex.def

(/usr/share/texlive/texmf-dist/tex/generic/pgf/systemlayer/pgfsys-pdftex.def
File: pgfsys-pdftex.def 2014/10/11  (rcs-revision 1.35)

(/usr/share/texlive/texmf-dist/tex/generic/pgf/systemlayer/pgfsys-common-pdf.de
f
File: pgfsys-common-pdf.def 2013/10/10  (rcs-revision 1.13)
)))
(/usr/share/texlive/texmf-dist/tex/generic/pgf/systemlayer/pgfsyssoftpath.code.
tex
File: pgfsyssoftpath.code.tex 2013/09/09  (rcs-revision 1.9)
\pgfsyssoftpath@smallbuffer@items=\count154
\pgfsyssoftpath@bigbuffer@items=\count155
)
(/usr/share/texlive/texmf-dist/tex/generic/pgf/systemlayer/pgfsysprotocol.code.
tex
File: pgfsysprotocol.code.tex 2006/10/16  (rcs-revision 1.4)
))
(/usr/share/texlive/texmf-dist/tex/generic/pgf/basiclayer/pgfcore.code.tex
Package: pgfcore 2010/04/11 v3.0.1a (rcs-revision 1.7)

(/usr/share/texlive/texmf-dist/tex/generic/pgf/math/pgfmath.code.tex
(/usr/share/texlive/texmf-dist/tex/generic/pgf/math/pgfmathcalc.code.tex
(/usr/share/texlive/texmf-dist/tex/generic/pgf/math/pgfmathutil.code.tex)
(/usr/share/texlive/texmf-dist/tex/generic/pgf/math/pgfmathparser.code.tex
\pgfmath@dimen=\dimen171
\pgfmath@count=\count156
\pgfmath@box=\box38
\pgfmath@toks=\toks43
\pgfmath@stack@operand=\toks44
\pgfmath@stack@operation=\toks45
)
(/usr/share/texlive/texmf-dist/tex/generic/pgf/math/pgfmathfunctions.code.tex
(/usr/share/texlive/texmf-dist/tex/generic/pgf/math/pgfmathfunctions.basic.code
.tex)
(/usr/share/texlive/texmf-dist/tex/generic/pgf/math/pgfmathfunctions.trigonomet
ric.code.tex)
(/usr/share/texlive/texmf-dist/tex/generic/pgf/math/pgfmathfunctions.random.cod
e.tex)
(/usr/share/texlive/texmf-dist/tex/generic/pgf/math/pgfmathfunctions.comparison
.code.tex)
(/usr/share/texlive/texmf-dist/tex/generic/pgf/math/pgfmathfunctions.base.code.
tex)
(/usr/share/texlive/texmf-dist/tex/generic/pgf/math/pgfmathfunctions.round.code
.tex)
(/usr/share/texlive/texmf-dist/tex/generic/pgf/math/pgfmathfunctions.misc.code.
tex)
(/usr/share/texlive/texmf-dist/tex/generic/pgf/math/pgfmathfunctions.integerari
thmetics.code.tex)))
(/usr/share/texlive/texmf-dist/tex/generic/pgf/math/pgfmathfloat.code.tex
\c@pgfmathroundto@lastzeros=\count157
))
(/usr/share/texlive/texmf-dist/tex/generic/pgf/basiclayer/pgfcorepoints.code.te
x
File: pgfcorepoints.code.tex 2013/10/07  (rcs-revision 1.27)
\pgf@picminx=\dimen172
\pgf@picmaxx=\dimen173
\pgf@picminy=\dimen174
\pgf@picmaxy=\dimen175
\pgf@pathminx=\dimen176
\pgf@pathmaxx=\dimen177
\pgf@pathminy=\dimen178
\pgf@pathmaxy=\dimen179
\pgf@xx=\dimen180
\pgf@xy=\dimen181
\pgf@yx=\dimen182
\pgf@yy=\dimen183
\pgf@zx=\dimen184
\pgf@zy=\dimen185
)
(/usr/share/texlive/texmf-dist/tex/generic/pgf/basiclayer/pgfcorepathconstruct.
code.tex
File: pgfcorepathconstruct.code.tex 2013/10/07  (rcs-revision 1.29)
\pgf@path@lastx=\dimen186
\pgf@path@lasty=\dimen187
)
(/usr/share/texlive/texmf-dist/tex/generic/pgf/basiclayer/pgfcorepathusage.code
.tex
File: pgfcorepathusage.code.tex 2014/11/02  (rcs-revision 1.24)
\pgf@shorten@end@additional=\dimen188
\pgf@shorten@start@additional=\dimen189
)
(/usr/share/texlive/texmf-dist/tex/generic/pgf/basiclayer/pgfcorescopes.code.te
x
File: pgfcorescopes.code.tex 2015/05/08  (rcs-revision 1.46)
\pgfpic=\box39
\pgf@hbox=\box40
\pgf@layerbox@main=\box41
\pgf@picture@serial@count=\count158
)
(/usr/share/texlive/texmf-dist/tex/generic/pgf/basiclayer/pgfcoregraphicstate.c
ode.tex
File: pgfcoregraphicstate.code.tex 2014/11/02  (rcs-revision 1.12)
\pgflinewidth=\dimen190
)
(/usr/share/texlive/texmf-dist/tex/generic/pgf/basiclayer/pgfcoretransformation
s.code.tex
File: pgfcoretransformations.code.tex 2015/08/07  (rcs-revision 1.20)
\pgf@pt@x=\dimen191
\pgf@pt@y=\dimen192
\pgf@pt@temp=\dimen193
)
(/usr/share/texlive/texmf-dist/tex/generic/pgf/basiclayer/pgfcorequick.code.tex
File: pgfcorequick.code.tex 2008/10/09  (rcs-revision 1.3)
)
(/usr/share/texlive/texmf-dist/tex/generic/pgf/basiclayer/pgfcoreobjects.code.t
ex
File: pgfcoreobjects.code.tex 2006/10/11  (rcs-revision 1.2)
)
(/usr/share/texlive/texmf-dist/tex/generic/pgf/basiclayer/pgfcorepathprocessing
.code.tex
File: pgfcorepathprocessing.code.tex 2013/09/09  (rcs-revision 1.9)
)
(/usr/share/texlive/texmf-dist/tex/generic/pgf/basiclayer/pgfcorearrows.code.te
x
File: pgfcorearrows.code.tex 2015/05/14  (rcs-revision 1.43)
\pgfarrowsep=\dimen194
)
(/usr/share/texlive/texmf-dist/tex/generic/pgf/basiclayer/pgfcoreshade.code.tex
File: pgfcoreshade.code.tex 2013/07/15  (rcs-revision 1.15)
\pgf@max=\dimen195
\pgf@sys@shading@range@num=\count159
)
(/usr/share/texlive/texmf-dist/tex/generic/pgf/basiclayer/pgfcoreimage.code.tex
File: pgfcoreimage.code.tex 2013/07/15  (rcs-revision 1.18)

(/usr/share/texlive/texmf-dist/tex/generic/pgf/basiclayer/pgfcoreexternal.code.
tex
File: pgfcoreexternal.code.tex 2014/07/09  (rcs-revision 1.21)
\pgfexternal@startupbox=\box42
))
(/usr/share/texlive/texmf-dist/tex/generic/pgf/basiclayer/pgfcorelayers.code.te
x
File: pgfcorelayers.code.tex 2013/07/18  (rcs-revision 1.7)
)
(/usr/share/texlive/texmf-dist/tex/generic/pgf/basiclayer/pgfcoretransparency.c
ode.tex
File: pgfcoretransparency.code.tex 2013/09/30  (rcs-revision 1.5)
)
(/usr/share/texlive/texmf-dist/tex/generic/pgf/basiclayer/pgfcorepatterns.code.
tex
File: pgfcorepatterns.code.tex 2013/11/07  (rcs-revision 1.5)
)))
(/usr/share/texlive/texmf-dist/tex/generic/pgf/modules/pgfmoduleshapes.code.tex
File: pgfmoduleshapes.code.tex 2014/03/21  (rcs-revision 1.35)
\pgfnodeparttextbox=\box43
) (/usr/share/texlive/texmf-dist/tex/generic/pgf/modules/pgfmoduleplot.code.tex
File: pgfmoduleplot.code.tex 2015/08/03  (rcs-revision 1.13)
)
(/usr/share/texlive/texmf-dist/tex/latex/pgf/compatibility/pgfcomp-version-0-65
.sty
Package: pgfcomp-version-0-65 2007/07/03 v3.0.1a (rcs-revision 1.7)
\pgf@nodesepstart=\dimen196
\pgf@nodesepend=\dimen197
)
(/usr/share/texlive/texmf-dist/tex/latex/pgf/compatibility/pgfcomp-version-1-18
.sty
Package: pgfcomp-version-1-18 2007/07/23 v3.0.1a (rcs-revision 1.1)
)) (/usr/share/texlive/texmf-dist/tex/latex/pgf/utilities/pgffor.sty
(/usr/share/texlive/texmf-dist/tex/latex/pgf/utilities/pgfkeys.sty
(/usr/share/texlive/texmf-dist/tex/generic/pgf/utilities/pgfkeys.code.tex))
(/usr/share/texlive/texmf-dist/tex/latex/pgf/math/pgfmath.sty
(/usr/share/texlive/texmf-dist/tex/generic/pgf/math/pgfmath.code.tex))
(/usr/share/texlive/texmf-dist/tex/generic/pgf/utilities/pgffor.code.tex
Package: pgffor 2013/12/13 v3.0.1a (rcs-revision 1.25)

(/usr/share/texlive/texmf-dist/tex/generic/pgf/math/pgfmath.code.tex)
\pgffor@iter=\dimen198
\pgffor@skip=\dimen199
\pgffor@stack=\toks46
\pgffor@toks=\toks47
))
(/usr/share/texlive/texmf-dist/tex/generic/pgf/frontendlayer/tikz/tikz.code.tex
Package: tikz 2015/08/07 v3.0.1a (rcs-revision 1.151)

(/usr/share/texlive/texmf-dist/tex/generic/pgf/libraries/pgflibraryplothandlers
.code.tex
File: pgflibraryplothandlers.code.tex 2013/08/31 v3.0.1a (rcs-revision 1.20)
\pgf@plot@mark@count=\count160
Normal \dimen register pool exhausted, switching to extended pool.
\pgfplotmarksize=\dimen256
)
\tikz@lastx=\dimen257
\tikz@lasty=\dimen258
\tikz@lastxsaved=\dimen259
\tikz@lastysaved=\dimen260
\tikzleveldistance=\dimen261
\tikzsiblingdistance=\dimen262
\tikz@figbox=\box44
\tikz@figbox@bg=\box45
\tikz@tempbox=\box46
\tikz@tempbox@bg=\box47
\tikztreelevel=\count161
\tikznumberofchildren=\count162
\tikznumberofcurrentchild=\count163
\tikz@fig@count=\count164

(/usr/share/texlive/texmf-dist/tex/generic/pgf/modules/pgfmodulematrix.code.tex
File: pgfmodulematrix.code.tex 2013/09/17  (rcs-revision 1.8)
\pgfmatrixcurrentrow=\count165
\pgfmatrixcurrentcolumn=\count166
\pgf@matrix@numberofcolumns=\count167
)
\tikz@expandcount=\count168

(/usr/share/texlive/texmf-dist/tex/generic/pgf/frontendlayer/tikz/libraries/tik
zlibrarytopaths.code.tex
File: tikzlibrarytopaths.code.tex 2008/06/17 v3.0.1a (rcs-revision 1.2)
)))
(/usr/share/texlive/texmf-dist/tex/latex/datatool/datatool.sty
Package: datatool 2018/04/16 v2.30 (NLCT)

(/usr/share/texlive/texmf-dist/tex/latex/xfor/xfor.sty
Package: xfor 2009/02/05 v1.05 (NLCT)
)
(/usr/share/texlive/texmf-dist/tex/latex/substr/substr.sty
Package: substr 2009/10/20 v1.2 Handle substrings
\c@su@anzahl=\count169
)
(/usr/share/texlive/texmf-dist/tex/latex/etoolbox/etoolbox.sty
Package: etoolbox 2018/02/11 v2.5e e-TeX tools for LaTeX (JAW)
\etb@tempcnta=\count170
)
(/usr/share/texlive/texmf-dist/tex/latex/datatool/datatool-base.sty
Package: datatool-base 2018/04/16 v2.30 (NLCT)

(/usr/share/texlive/texmf-dist/tex/latex/datatool/datatool-fp.sty
Package: datatool-fp 2018/04/16 v2.30 (NLCT)

(/usr/share/texlive/texmf-dist/tex/latex/fp/fp.sty
Package: fp 1995/04/02

`Fixed Point Package', Version 0.8, April 2, 1995 (C) Michael Mehlich
(/usr/share/texlive/texmf-dist/tex/latex/fp/defpattern.sty
Package: defpattern 1994/10/12
\actioncount=\count171
)
(/usr/share/texlive/texmf-dist/tex/latex/fp/fp-basic.sty
Package: fp-basic 1996/05/13
\FP@xs=\count172
\FP@xia=\count173
\FP@xib=\count174
\FP@xfa=\count175
\FP@xfb=\count176
\FP@rega=\count177
\FP@regb=\count178
\FP@regs=\count179
\FP@times=\count180
)
(/usr/share/texlive/texmf-dist/tex/latex/fp/fp-addons.sty
Package: fp-addons 1995/03/15
)
(/usr/share/texlive/texmf-dist/tex/latex/fp/fp-snap.sty
Package: fp-snap 1995/04/05
)
(/usr/share/texlive/texmf-dist/tex/latex/fp/fp-exp.sty
Package: fp-exp 1995/04/03
)
(/usr/share/texlive/texmf-dist/tex/latex/fp/fp-trigo.sty
Package: fp-trigo 1995/04/14
)
(/usr/share/texlive/texmf-dist/tex/latex/fp/fp-pas.sty
Package: fp-pas 1994/08/29
)
(/usr/share/texlive/texmf-dist/tex/latex/fp/fp-random.sty
Package: fp-random 1995/02/23
\FPseed=\count181
)
(/usr/share/texlive/texmf-dist/tex/latex/fp/fp-eqn.sty
Package: fp-eqn 1995/04/03
)
(/usr/share/texlive/texmf-dist/tex/latex/fp/fp-upn.sty
Package: fp-upn 1996/10/21
)
(/usr/share/texlive/texmf-dist/tex/latex/fp/fp-eval.sty
Package: fp-eval 1995/04/03
)))
\@dtl@toks=\toks48
\@dtl@tmpcount=\count182
\dtl@tmplength=\skip83
\dtl@sortresult=\count183
\@dtl@numgrpsepcount=\count184
\@dtl@datatype=\count185
\dtl@codeA=\count186
\dtl@codeB=\count187
\@dtl@foreach@level=\count188
)
\dtlcolumnnum=\count189
\dtlrownum=\count190
\@dtl@before=\toks49
\@dtl@after=\toks50
\@dtl@colhead=\toks51
\dtlcurrentrow=\toks52
\dtlbeforerow=\toks53
\dtlafterrow=\toks54
\dtlforeachlevel=\count191
\c@DTLrowi=\count192
\c@DTLrowii=\count193
\c@DTLrowiii=\count194
\c@DTLrow=\count195
\dtl@rowi=\count196
\dtl@rowii=\count197
\dtl@rowiii=\count198
\@dtl@curi=\toks55
\@dtl@previ=\toks56
\@dtl@nexti=\toks57
\@dtl@curii=\toks58
\@dtl@previi=\toks59
\@dtl@nextii=\toks60
\@dtl@curiii=\toks61
\@dtl@previii=\toks62
\@dtl@nextiii=\toks63
\@dtl@elements=\count199
\@dtl@list=\toks64
\@dtl@rowa=\toks65
\@dtl@rowb=\toks66
\@dtl@toksA=\toks67
\@dtl@toksB=\toks68
\@dtl@write=\write6
\@dtl@read=\read6
Normal \count register pool exhausted, switching to extended pool.
\dtl@entrycr=\count277
\dtl@omitlines=\count278
)
(/usr/share/texlive/texmf-dist/tex/generic/pgf/frontendlayer/tikz/libraries/tik
zlibraryarrows.code.tex
File: tikzlibraryarrows.code.tex 2008/01/09 v3.0.1a (rcs-revision 1.1)

(/usr/share/texlive/texmf-dist/tex/generic/pgf/libraries/pgflibraryarrows.code.
tex
File: pgflibraryarrows.code.tex 2013/09/23 v3.0.1a (rcs-revision 1.16)
\arrowsize=\dimen263
))
(/usr/share/texlive/texmf-dist/tex/generic/pgf/frontendlayer/tikz/libraries/tik
zlibrarypositioning.code.tex
File: tikzlibrarypositioning.code.tex 2008/10/06 v3.0.1a (rcs-revision 1.7)
)
(/usr/share/texlive/texmf-dist/tex/generic/pgf/frontendlayer/tikz/libraries/tik
zlibrary3d.code.tex
File: tikzlibrary3d.code.tex 2013/07/17 v3.0.1a (rcs-revision 1.2)
)
(/usr/share/texlive/texmf-dist/tex/generic/pgf/frontendlayer/tikz/libraries/tik
zlibraryfit.code.tex
File: tikzlibraryfit.code.tex 2013/07/12 v3.0.1a (rcs-revision 1.5)
)
(/usr/share/texlive/texmf-dist/tex/generic/pgf/frontendlayer/tikz/libraries/tik
zlibrarycalc.code.tex
File: tikzlibrarycalc.code.tex 2013/07/15 v3.0.1a (rcs-revision 1.9)
)
(/usr/share/texlive/texmf-dist/tex/generic/pgf/frontendlayer/tikz/libraries/tik
zlibrarybackgrounds.code.tex
File: tikzlibrarybackgrounds.code.tex 2013/07/18 v3.0.1a (rcs-revision 1.3)
\pgf@layerbox@background=\box48
\pgf@layerboxsaved@background=\box49
)
(/usr/share/texlive/texmf-dist/tex/generic/pgf/libraries/pgflibraryarrows.meta.
code.tex
File: pgflibraryarrows.meta.code.tex 2015/05/13 v3.0.1a (rcs-revision 1.13)
\pgfarrowinset=\dimen264
\pgfarrowlength=\dimen265
\pgfarrowwidth=\dimen266
\pgfarrowlinewidth=\dimen267
)
(/usr/share/texlive/texmf-dist/tex/generic/pgf/frontendlayer/tikz/libraries/tik
zlibraryshapes.geometric.code.tex
File: tikzlibraryshapes.geometric.code.tex 2008/01/09 v3.0.1a (rcs-revision 1.1
)

(/usr/share/texlive/texmf-dist/tex/generic/pgf/libraries/shapes/pgflibraryshape
s.geometric.code.tex
File: pgflibraryshapes.geometric.code.tex 2008/06/26 v3.0.1a (rcs-revision 1.1)

))
\c@LayerCounter=\count279
)
(/usr/share/texlive/texmf-dist/tex/latex/pgfplots/pgfplots.sty
(/usr/share/texlive/texmf-dist/tex/generic/pgfplots/pgfplots.revision.tex)
Package: pgfplots 2018/03/28 v1.16 Data Visualization (1.16)

(/usr/share/texlive/texmf-dist/tex/generic/pgfplots/pgfplots.code.tex
(/usr/share/texlive/texmf-dist/tex/generic/pgfplots/pgfplotscore.code.tex
\t@pgfplots@toka=\toks69
\t@pgfplots@tokb=\toks70
\t@pgfplots@tokc=\toks71
\pgfplots@tmpa=\dimen268
\c@pgfplots@coordindex=\count280
\c@pgfplots@scanlineindex=\count281

(/usr/share/texlive/texmf-dist/tex/generic/pgfplots/sys/pgfplotssysgeneric.code
.tex))
(/usr/share/texlive/texmf-dist/tex/generic/pgfplots/libs/pgfplotslibrary.code.t
ex)
(/usr/share/texlive/texmf-dist/tex/generic/pgfplots/oldpgfcompatib/pgfplotsoldp
gfsupp_loader.code.tex
(/usr/share/texlive/texmf-dist/tex/generic/pgf/libraries/pgflibraryfpu.code.tex
)
Package pgfplots: loading complementary arithmetics for your pgf version...

(/usr/share/texlive/texmf-dist/tex/generic/pgfplots/oldpgfcompatib/pgfplotsoldp
gfsupp_pgflibraryfpu.code.tex)
(/usr/share/texlive/texmf-dist/tex/generic/pgfplots/oldpgfcompatib/pgfplotsoldp
gfsupp_pgfmathfloat.code.tex
\c@pgfmathroundto@lastzeros=\count282
)
(/usr/share/texlive/texmf-dist/tex/generic/pgfplots/oldpgfcompatib/pgfplotsoldp
gfsupp_leq.code.tex))
(/usr/share/texlive/texmf-dist/tex/generic/pgfplots/util/pgfplotsutil.code.tex
(/usr/share/texlive/texmf-dist/tex/generic/pgfplots/liststructure/pgfplotslists
tructure.code.tex)
(/usr/share/texlive/texmf-dist/tex/generic/pgfplots/liststructure/pgfplotslists
tructureext.code.tex)
(/usr/share/texlive/texmf-dist/tex/generic/pgfplots/liststructure/pgfplotsarray
.code.tex
\c@pgfplotsarray@tmp=\count283
)
(/usr/share/texlive/texmf-dist/tex/generic/pgfplots/liststructure/pgfplotsmatri
x.code.tex)
(/usr/share/texlive/texmf-dist/tex/generic/pgfplots/numtable/pgfplotstableshare
d.code.tex
\c@pgfplotstable@counta=\count284
\t@pgfplotstable@a=\toks72
)
(/usr/share/texlive/texmf-dist/tex/generic/pgfplots/liststructure/pgfplotsdeque
.code.tex)
(/usr/share/texlive/texmf-dist/tex/generic/pgfplots/util/pgfplotsbinary.code.te
x
(/usr/share/texlive/texmf-dist/tex/generic/pgfplots/util/pgfplotsbinary.data.co
de.tex))
(/usr/share/texlive/texmf-dist/tex/generic/pgfplots/util/pgfplotsutil.verb.code
.tex)
(/usr/share/texlive/texmf-dist/tex/generic/pgfplots/libs/pgflibrarypgfplots.sur
fshading.code.tex
\c@pgfplotslibrarysurf@no=\count285

(/usr/share/texlive/texmf-dist/tex/generic/pgfplots/sys/pgflibrarypgfplots.surf
shading.pgfsys-pdftex.def)))
(/usr/share/texlive/texmf-dist/tex/generic/pgfplots/util/pgfplotscolormap.code.
tex
(/usr/share/texlive/texmf-dist/tex/generic/pgfplots/util/pgfplotscolor.code.tex
))
(/usr/share/texlive/texmf-dist/tex/generic/pgfplots/pgfplotsstackedplots.code.t
ex)
(/usr/share/texlive/texmf-dist/tex/generic/pgfplots/pgfplotsplothandlers.code.t
ex
(/usr/share/texlive/texmf-dist/tex/generic/pgfplots/pgfplotsmeshplothandler.cod
e.tex
(/usr/share/texlive/texmf-dist/tex/generic/pgfplots/pgfplotsmeshplotimage.code.
tex)))
(/usr/share/texlive/texmf-dist/tex/generic/pgfplots/pgfplots.scaling.code.tex)
(/usr/share/texlive/texmf-dist/tex/generic/pgfplots/pgfplotscoordprocessing.cod
e.tex)
(/usr/share/texlive/texmf-dist/tex/generic/pgfplots/pgfplots.errorbars.code.tex
) (/usr/share/texlive/texmf-dist/tex/generic/pgfplots/pgfplots.markers.code.tex
) (/usr/share/texlive/texmf-dist/tex/generic/pgfplots/pgfplotsticks.code.tex)
(/usr/share/texlive/texmf-dist/tex/generic/pgfplots/pgfplots.paths.code.tex)
(/usr/share/texlive/texmf-dist/tex/generic/pgf/frontendlayer/tikz/libraries/tik
zlibrarydecorations.code.tex
(/usr/share/texlive/texmf-dist/tex/generic/pgf/modules/pgfmoduledecorations.cod
e.tex
\pgfdecoratedcompleteddistance=\dimen269
\pgfdecoratedremainingdistance=\dimen270
\pgfdecoratedinputsegmentcompleteddistance=\dimen271
\pgfdecoratedinputsegmentremainingdistance=\dimen272
\pgf@decorate@distancetomove=\dimen273
\pgf@decorate@repeatstate=\count286
\pgfdecorationsegmentamplitude=\dimen274
\pgfdecorationsegmentlength=\dimen275
)
\tikz@lib@dec@box=\box50
)
(/usr/share/texlive/texmf-dist/tex/generic/pgf/frontendlayer/tikz/libraries/tik
zlibrarydecorations.pathmorphing.code.tex
(/usr/share/texlive/texmf-dist/tex/generic/pgf/libraries/decorations/pgflibrary
decorations.pathmorphing.code.tex))
(/usr/share/texlive/texmf-dist/tex/generic/pgf/frontendlayer/tikz/libraries/tik
zlibrarydecorations.pathreplacing.code.tex
(/usr/share/texlive/texmf-dist/tex/generic/pgf/libraries/decorations/pgflibrary
decorations.pathreplacing.code.tex))
\pgfplots@numplots=\count287
\pgfplots@xmin@reg=\dimen276
\pgfplots@xmax@reg=\dimen277
\pgfplots@ymin@reg=\dimen278
\pgfplots@ymax@reg=\dimen279
\pgfplots@zmin@reg=\dimen280
\pgfplots@zmax@reg=\dimen281
)
(/usr/share/texlive/texmf-dist/tex/generic/pgf/frontendlayer/tikz/libraries/tik
zlibraryplotmarks.code.tex
File: tikzlibraryplotmarks.code.tex 2008/01/09 v3.0.1a (rcs-revision 1.1)

(/usr/share/texlive/texmf-dist/tex/generic/pgf/libraries/pgflibraryplotmarks.co
de.tex
File: pgflibraryplotmarks.code.tex 2015/08/03 v3.0.1a (rcs-revision 1.14)
)))
(/usr/share/texlive/texmf-dist/tex/generic/pgf/frontendlayer/tikz/libraries/tik
zlibraryshapes.code.tex
File: tikzlibraryshapes.code.tex 2008/01/09 v3.0.1a (rcs-revision 1.1)

(/usr/share/texlive/texmf-dist/tex/generic/pgf/frontendlayer/tikz/libraries/tik
zlibraryshapes.misc.code.tex
File: tikzlibraryshapes.misc.code.tex 2008/01/09 v3.0.1a (rcs-revision 1.1)

(/usr/share/texlive/texmf-dist/tex/generic/pgf/libraries/shapes/pgflibraryshape
s.misc.code.tex
File: pgflibraryshapes.misc.code.tex 2013/07/18 v3.0.1a (rcs-revision 1.5)
))
(/usr/share/texlive/texmf-dist/tex/generic/pgf/frontendlayer/tikz/libraries/tik
zlibraryshapes.symbols.code.tex
File: tikzlibraryshapes.symbols.code.tex 2008/01/09 v3.0.1a (rcs-revision 1.1)

(/usr/share/texlive/texmf-dist/tex/generic/pgf/libraries/shapes/pgflibraryshape
s.symbols.code.tex
File: pgflibraryshapes.symbols.code.tex 2013/09/11 v3.0.1a (rcs-revision 1.6)
))
(/usr/share/texlive/texmf-dist/tex/generic/pgf/frontendlayer/tikz/libraries/tik
zlibraryshapes.arrows.code.tex
File: tikzlibraryshapes.arrows.code.tex 2008/01/09 v3.0.1a (rcs-revision 1.1)

(/usr/share/texlive/texmf-dist/tex/generic/pgf/libraries/shapes/pgflibraryshape
s.arrows.code.tex
File: pgflibraryshapes.arrows.code.tex 2008/06/26 v3.0.1a (rcs-revision 1.1)
))
(/usr/share/texlive/texmf-dist/tex/generic/pgf/frontendlayer/tikz/libraries/tik
zlibraryshapes.callouts.code.tex
(/usr/share/texlive/texmf-dist/tex/generic/pgf/libraries/shapes/pgflibraryshape
s.callouts.code.tex))
(/usr/share/texlive/texmf-dist/tex/generic/pgf/frontendlayer/tikz/libraries/tik
zlibraryshapes.multipart.code.tex
File: tikzlibraryshapes.multipart.code.tex 2008/01/09 v3.0.1a (rcs-revision 1.1
)

(/usr/share/texlive/texmf-dist/tex/generic/pgf/libraries/shapes/pgflibraryshape
s.multipart.code.tex
File: pgflibraryshapes.multipart.code.tex 2010/01/07 v3.0.1a (rcs-revision 1.2)

\pgfnodepartlowerbox=\box51
\pgfnodeparttwobox=\box52
\pgfnodepartthreebox=\box53
\pgfnodepartfourbox=\box54
\pgfnodeparttwentybox=\box55
\pgfnodepartnineteenbox=\box56
\pgfnodeparteighteenbox=\box57
\pgfnodepartseventeenbox=\box58
\pgfnodepartsixteenbox=\box59
\pgfnodepartfifteenbox=\box60
\pgfnodepartfourteenbox=\box61
\pgfnodepartthirteenbox=\box62
\pgfnodeparttwelvebox=\box63
\pgfnodepartelevenbox=\box64
\pgfnodeparttenbox=\box65
\pgfnodepartninebox=\box66
\pgfnodeparteightbox=\box67
\pgfnodepartsevenbox=\box68
\pgfnodepartsixbox=\box69
\pgfnodepartfivebox=\box70
)))
(/usr/share/texlive/texmf-dist/tex/generic/pgf/frontendlayer/tikz/libraries/tik
zlibraryshadows.code.tex
File: tikzlibraryshadows.code.tex 2008/01/13 v3.0.1a (rcs-revision 1.3)

(/usr/share/texlive/texmf-dist/tex/generic/pgf/frontendlayer/tikz/libraries/tik
zlibraryfadings.code.tex
File: tikzlibraryfadings.code.tex 2009/11/15 v3.0.1a (rcs-revision 1.2)

(/usr/share/texlive/texmf-dist/tex/generic/pgf/libraries/pgflibraryfadings.code
.tex
File: pgflibraryfadings.code.tex 2008/02/07 v3.0.1a (rcs-revision 1.3)
)))
(/usr/share/texlive/texmf-dist/tex/generic/pgf/frontendlayer/tikz/libraries/tik
zlibraryautomata.code.tex
File: tikzlibraryautomata.code.tex 2008/07/14 v3.0.1a (rcs-revision 1.3)
)
(/usr/share/texlive/texmf-dist/tex/latex/pgf/frontendlayer/libraries/tikzlibrar
yexternal.code.tex
(/usr/share/texlive/texmf-dist/tex/generic/pgf/frontendlayer/tikz/libraries/tik
zexternalshared.code.tex))
(/usr/share/texlive/texmf-dist/tex/generic/pgf/frontendlayer/tikz/libraries/tik
zlibrarydecorations.text.code.tex
(/usr/share/texlive/texmf-dist/tex/generic/pgf/libraries/decorations/pgflibrary
decorations.text.code.tex
\pgf@lib@dec@text@box=\box71
)
\tikz@lib@dec@te@box=\box72
)
(/usr/share/texlive/texmf-dist/tex/generic/pgfplots/libs/pgflibrarypgfplots.col
orbrewer.code.tex
(/usr/share/texlive/texmf-dist/tex/generic/pgfplots/libs/tikzlibrarycolorbrewer
.code.tex))
(/usr/share/texlive/texmf-dist/tex/generic/pgfplots/libs/tikzlibrarypgfplots.st
atistics.code.tex)
\openout5 = `main.auxlock'.


(/usr/share/texlive/texmf-dist/tex/latex/geometry/geometry.sty
Package: geometry 2018/04/16 v5.8 Page Geometry
\Gm@cnth=\count288
\Gm@cntv=\count289
\c@Gm@tempcnt=\count290
\Gm@bindingoffset=\dimen282
\Gm@wd@mp=\dimen283
\Gm@odd@mp=\dimen284
\Gm@even@mp=\dimen285
\Gm@layoutwidth=\dimen286
\Gm@layoutheight=\dimen287
\Gm@layouthoffset=\dimen288
\Gm@layoutvoffset=\dimen289
\Gm@dimlist=\toks73
)
(/usr/share/texlive/texmf-dist/tex/latex/graphics/rotating.sty
Package: rotating 2016/08/11 v2.16d rotated objects in LaTeX
\c@r@tfl@t=\count291
\rotFPtop=\skip84
\rotFPbot=\skip85
\rot@float@box=\box73
\rot@mess@toks=\toks74
)
(/usr/share/texlive/texmf-dist/tex/generic/pgfplots/libs/tikzlibrarypgfplots.da
teplot.code.tex
(/usr/share/texlive/texmf-dist/tex/latex/pgf/utilities/pgfcalendar.sty
(/usr/share/texlive/texmf-dist/tex/generic/pgf/utilities/pgfcalendar.code.tex
File: pgfcalendar.code.tex 2007/07/23 v3.0.1a (rcs-revision 1.11)
\pgfcalendarcurrentjulian=\count292
)))
(/usr/share/texlive/texmf-dist/tex/generic/pgf/frontendlayer/tikz/libraries/tik
zlibrarypatterns.code.tex
File: tikzlibrarypatterns.code.tex 2008/01/15 v3.0.1a (rcs-revision 1.2)

(/usr/share/texlive/texmf-dist/tex/generic/pgf/libraries/pgflibrarypatterns.cod
e.tex
File: pgflibrarypatterns.code.tex 2008/03/03 v3.0.1a (rcs-revision 1.13)
))
(/usr/share/texlive/texmf-dist/tex/generic/pgf/frontendlayer/tikz/libraries/tik
zlibrarydecorations.markings.code.tex
(/usr/share/texlive/texmf-dist/tex/generic/pgf/libraries/decorations/pgflibrary
decorations.markings.code.tex))
(/usr/share/texlive/texmf-dist/tex/latex/fancyhdr/fancyhdr.sty
Package: fancyhdr 2017/06/30 v3.9a Extensive control of page headers and footer
s
\f@nch@headwidth=\skip86
\f@nch@O@elh=\skip87
\f@nch@O@erh=\skip88
\f@nch@O@olh=\skip89
\f@nch@O@orh=\skip90
\f@nch@O@elf=\skip91
\f@nch@O@erf=\skip92
\f@nch@O@olf=\skip93
\f@nch@O@orf=\skip94
)
(/usr/share/texlive/texmf-dist/tex/latex/mathtools/mathtools.sty
Package: mathtools 2018/01/08 v1.21 mathematical typesetting tools

(/usr/share/texlive/texmf-dist/tex/latex/mathtools/mhsetup.sty
Package: mhsetup 2017/03/31 v1.3 programming setup (MH)
)
LaTeX Info: Thecontrolsequence`\('isalreadyrobust on input line 129.
LaTeX Info: Thecontrolsequence`\)'isalreadyrobust on input line 129.
LaTeX Info: Thecontrolsequence`\['isalreadyrobust on input line 129.
LaTeX Info: Thecontrolsequence`\]'isalreadyrobust on input line 129.
\g_MT_multlinerow_int=\count293
\l_MT_multwidth_dim=\dimen290
\origjot=\skip95
\l_MT_shortvdotswithinadjustabove_dim=\dimen291
\l_MT_shortvdotswithinadjustbelow_dim=\dimen292
\l_MT_above_intertext_sep=\dimen293
\l_MT_below_intertext_sep=\dimen294
\l_MT_above_shortintertext_sep=\dimen295
\l_MT_below_shortintertext_sep=\dimen296
)
(/usr/share/texlive/texmf-dist/tex/latex/datetime/datetime.sty
Package: datetime 2015/03/20 v2.60 Date Time Package

(/usr/share/texlive/texmf-dist/tex/latex/fmtcount/fmtcount.sty
Package: fmtcount 2017/12/24 v3.05

(/usr/share/texlive/texmf-dist/tex/latex/fmtcount/fcprefix.sty
Package: fcprefix 2012/09/28

(/usr/share/texlive/texmf-dist/tex/latex/fmtcount/fcnumparser.sty
Package: fcnumparser 2017/06/15
\fc@digit@counter=\count294
))
\c@padzeroesN=\count295
\fc@tmpcatcode=\count296
\@DT@modctr=\count297
\@ordinalctr=\count298
\@orgargctr=\count299
\@strctr=\count300
\@tmpstrctr=\count301
\@DT@loopN=\count302
\@DT@X=\count303
)
(/usr/share/texlive/texmf-dist/tex/latex/datetime/datetime-defaults.sty
Package: datetime-defaults 2013/09/10
)
\@day=\count304
\@month=\count305
\@year=\count306
\c@HOUR=\count307
\c@HOURXII=\count308
\c@MINUTE=\count309
\c@TOHOUR=\count310
\c@TOMINUTE=\count311
\c@SECOND=\count312
\currenthour=\count313
\currentminute=\count314
\currentsecond=\count315
Package datetime Info: No datetime.cfg file found, using default settings on in
put line 308.
\@dtctr=\count316
\dayofyear=\count317
\dayofweek=\count318
LaTeX Info: Redefining \today on input line 736.
\dt@a=\toks75
\dt@b=\toks76
)
(/usr/share/texlive/texmf-dist/tex/latex/comment/comment.sty
\CommentStream=\write7

Excluding comment 'comment')
\c@thm=\count319
\c@cor=\count320
\c@lem=\count321
\c@prop=\count322
\c@defn=\count323
\c@exmpl=\count324
\c@rem=\count325
\c@notn=\count326

(/usr/share/texlive/texmf-dist/tex/latex/algorithm2e/algorithm2e.sty
Package: algorithm2e 2017/07/18 v5.2 algorithms environments
\c@AlgoLine=\count327
\algocf@hangindent=\skip96

(/usr/share/texlive/texmf-dist/tex/latex/ifoddpage/ifoddpage.sty
Package: ifoddpage 2016/04/23 v1.1 Conditionals for odd/even page detection
\c@checkoddpage=\count328
)
(/usr/share/texlive/texmf-dist/tex/latex/tools/xspace.sty
Package: xspace 2014/10/28 v1.13 Space after command names (DPC,MH)
)
(/usr/share/texlive/texmf-dist/tex/latex/relsize/relsize.sty
Package: relsize 2013/03/29 ver 4.1
)
\skiptotal=\skip97
\skiplinenumber=\skip98
\skiprule=\skip99
\skiphlne=\skip100
\skiptext=\skip101
\skiplength=\skip102
\algomargin=\skip103
\skipalgocfslide=\skip104
\algowidth=\dimen297
\inoutsize=\dimen298
\inoutindent=\dimen299
\interspacetitleruled=\dimen300
\interspacealgoruled=\dimen301
\interspacetitleboxruled=\dimen302
\algocf@ruledwidth=\skip105
\algocf@inoutbox=\box74
\algocf@inputbox=\box75
\AlCapSkip=\skip106
\AlCapHSkip=\skip107
\algoskipindent=\skip108
\algocf@nlbox=\box76
\algocf@hangingbox=\box77
\algocf@untilbox=\box78
\algocf@skipuntil=\skip109
\algocf@capbox=\box79
\algocf@lcaptionbox=\skip110
\algoheightruledefault=\skip111
\algoheightrule=\skip112
\algotitleheightruledefault=\skip113
\algotitleheightrule=\skip114
\c@algocfline=\count329
\c@algocfproc=\count330
\c@algocf=\count331
\algocf@algoframe=\box80
\algocf@algobox=\box81
)
(/usr/share/texlive/texmf-dist/tex/latex/txfonts/txfonts.sty
Package: txfonts 2008/01/22 v3.2.1
LaTeX Font Info:    Redeclaring symbol font `operators' on input line 21.
LaTeX Font Info:    Overwriting symbol font `operators' in version `normal'
(Font)                  OT1/cmr/m/n --> OT1/txr/m/n on input line 21.
LaTeX Font Info:    Overwriting symbol font `operators' in version `bold'
(Font)                  OT1/cmr/bx/n --> OT1/txr/m/n on input line 21.
LaTeX Font Info:    Overwriting symbol font `operators' in version `bold'
(Font)                  OT1/txr/m/n --> OT1/txr/bx/n on input line 22.
\symitalic=\mathgroup8
LaTeX Font Info:    Overwriting symbol font `italic' in version `bold'
(Font)                  OT1/txr/m/it --> OT1/txr/bx/it on input line 26.
LaTeX Font Info:    Redeclaring math alphabet \mathbf on input line 29.
LaTeX Font Info:    Overwriting math alphabet `\mathbf' in version `normal'
(Font)                  OT1/cmr/bx/n --> OT1/txr/bx/n on input line 29.
LaTeX Font Info:    Overwriting math alphabet `\mathbf' in version `bold'
(Font)                  OT1/cmr/bx/n --> OT1/txr/bx/n on input line 29.
LaTeX Font Info:    Redeclaring math alphabet \mathit on input line 30.
LaTeX Font Info:    Overwriting math alphabet `\mathit' in version `normal'
(Font)                  OT1/cmr/m/it --> OT1/txr/m/it on input line 30.
LaTeX Font Info:    Overwriting math alphabet `\mathit' in version `bold'
(Font)                  OT1/cmr/bx/it --> OT1/txr/m/it on input line 30.
LaTeX Font Info:    Overwriting math alphabet `\mathit' in version `bold'
(Font)                  OT1/txr/m/it --> OT1/txr/bx/it on input line 31.
LaTeX Font Info:    Redeclaring math alphabet \mathsf on input line 40.
LaTeX Font Info:    Overwriting math alphabet `\mathsf' in version `normal'
(Font)                  OT1/cmss/m/n --> OT1/txss/m/n on input line 40.
LaTeX Font Info:    Overwriting math alphabet `\mathsf' in version `bold'
(Font)                  OT1/cmss/bx/n --> OT1/txss/m/n on input line 40.
LaTeX Font Info:    Overwriting math alphabet `\mathsf' in version `bold'
(Font)                  OT1/txss/m/n --> OT1/txss/b/n on input line 41.
LaTeX Font Info:    Redeclaring math alphabet \mathtt on input line 50.
LaTeX Font Info:    Overwriting math alphabet `\mathtt' in version `normal'
(Font)                  OT1/cmtt/m/n --> OT1/txtt/m/n on input line 50.
LaTeX Font Info:    Overwriting math alphabet `\mathtt' in version `bold'
(Font)                  OT1/cmtt/m/n --> OT1/txtt/m/n on input line 50.
LaTeX Font Info:    Overwriting math alphabet `\mathtt' in version `bold'
(Font)                  OT1/txtt/m/n --> OT1/txtt/b/n on input line 51.
LaTeX Font Info:    Redeclaring symbol font `letters' on input line 58.
LaTeX Font Info:    Overwriting symbol font `letters' in version `normal'
(Font)                  OML/cmm/m/it --> OML/txmi/m/it on input line 58.
LaTeX Font Info:    Overwriting symbol font `letters' in version `bold'
(Font)                  OML/cmm/b/it --> OML/txmi/m/it on input line 58.
LaTeX Font Info:    Overwriting symbol font `letters' in version `bold'
(Font)                  OML/txmi/m/it --> OML/txmi/bx/it on input line 59.
\symlettersA=\mathgroup9
LaTeX Font Info:    Overwriting symbol font `lettersA' in version `bold'
(Font)                  U/txmia/m/it --> U/txmia/bx/it on input line 67.
LaTeX Font Info:    Redeclaring math alphabet \mathfrak on input line 70.
LaTeX Font Info:    Redeclaring symbol font `symbols' on input line 77.
LaTeX Font Info:    Overwriting symbol font `symbols' in version `normal'
(Font)                  OMS/cmsy/m/n --> OMS/txsy/m/n on input line 77.
LaTeX Font Info:    Overwriting symbol font `symbols' in version `bold'
(Font)                  OMS/cmsy/b/n --> OMS/txsy/m/n on input line 77.
LaTeX Font Info:    Overwriting symbol font `symbols' in version `bold'
(Font)                  OMS/txsy/m/n --> OMS/txsy/bx/n on input line 78.
LaTeX Font Info:    Redeclaring symbol font `AMSa' on input line 93.
LaTeX Font Info:    Overwriting symbol font `AMSa' in version `normal'
(Font)                  U/msa/m/n --> U/txsya/m/n on input line 93.
LaTeX Font Info:    Overwriting symbol font `AMSa' in version `bold'
(Font)                  U/msa/m/n --> U/txsya/m/n on input line 93.
LaTeX Font Info:    Overwriting symbol font `AMSa' in version `bold'
(Font)                  U/txsya/m/n --> U/txsya/bx/n on input line 94.
LaTeX Font Info:    Redeclaring symbol font `AMSb' on input line 102.
LaTeX Font Info:    Overwriting symbol font `AMSb' in version `normal'
(Font)                  U/msb/m/n --> U/txsyb/m/n on input line 102.
LaTeX Font Info:    Overwriting symbol font `AMSb' in version `bold'
(Font)                  U/msb/m/n --> U/txsyb/m/n on input line 102.
LaTeX Font Info:    Overwriting symbol font `AMSb' in version `bold'
(Font)                  U/txsyb/m/n --> U/txsyb/bx/n on input line 103.
\symsymbolsC=\mathgroup10
LaTeX Font Info:    Overwriting symbol font `symbolsC' in version `bold'
(Font)                  U/txsyc/m/n --> U/txsyc/bx/n on input line 113.
LaTeX Font Info:    Redeclaring symbol font `largesymbols' on input line 120.
LaTeX Font Info:    Overwriting symbol font `largesymbols' in version `normal'
(Font)                  OMX/cmex/m/n --> OMX/txex/m/n on input line 120.
LaTeX Font Info:    Overwriting symbol font `largesymbols' in version `bold'
(Font)                  OMX/cmex/m/n --> OMX/txex/m/n on input line 120.
LaTeX Font Info:    Overwriting symbol font `largesymbols' in version `bold'
(Font)                  OMX/txex/m/n --> OMX/txex/bx/n on input line 121.
\symlargesymbolsA=\mathgroup11
LaTeX Font Info:    Overwriting symbol font `largesymbolsA' in version `bold'
(Font)                  U/txexa/m/n --> U/txexa/bx/n on input line 129.
LaTeX Info: Redefining \not on input line 1043.
LaTeX Info: Redefining \textsquare on input line 1063.
LaTeX Info: Redefining \openbox on input line 1064.
)
(/usr/share/texlive/texmf-dist/tex/latex/base/fontenc.sty
Package: fontenc 2017/04/05 v2.0i Standard LaTeX package

(/usr/share/texlive/texmf-dist/tex/latex/base/ot1enc.def
File: ot1enc.def 2017/04/05 v2.0i Standard LaTeX file
LaTeX Font Info:    Redeclaring font encoding OT1 on input line 48.
))
(/usr/share/texlive/texmf-dist/tex/latex/concmath/concmath.sty
Package: concmath 1999/03/10 v2.0b LaTeX package for Concrete math fonts
LaTeX Font Info:    Redeclaring symbol font `operators' on input line 43.
LaTeX Font Info:    Overwriting symbol font `operators' in version `normal'
(Font)                  OT1/txr/m/n --> OT1/ccr/m/n on input line 43.
LaTeX Font Info:    Overwriting symbol font `operators' in version `bold'
(Font)                  OT1/txr/bx/n --> OT1/ccr/m/n on input line 43.
LaTeX Font Info:    Redeclaring symbol font `letters' on input line 44.
LaTeX Font Info:    Overwriting symbol font `letters' in version `normal'
(Font)                  OML/txmi/m/it --> OML/ccm/m/it on input line 44.
LaTeX Font Info:    Overwriting symbol font `letters' in version `bold'
(Font)                  OML/txmi/bx/it --> OML/ccm/m/it on input line 44.
LaTeX Font Info:    Redeclaring symbol font `symbols' on input line 45.
LaTeX Font Info:    Overwriting symbol font `symbols' in version `normal'
(Font)                  OMS/txsy/m/n --> OMS/ccsy/m/n on input line 45.
LaTeX Font Info:    Overwriting symbol font `symbols' in version `bold'
(Font)                  OMS/txsy/bx/n --> OMS/ccsy/m/n on input line 45.
LaTeX Font Info:    Redeclaring symbol font `largesymbols' on input line 46.
LaTeX Font Info:    Overwriting symbol font `largesymbols' in version `normal'
(Font)                  OMX/txex/m/n --> OMX/ccex/m/n on input line 46.
LaTeX Font Info:    Overwriting symbol font `largesymbols' in version `bold'
(Font)                  OMX/txex/bx/n --> OMX/ccex/m/n on input line 46.
LaTeX Font Info:    Overwriting symbol font `operators' in version `bold'
(Font)                  OT1/ccr/m/n --> OT1/ccr/bx/n on input line 47.
LaTeX Font Info:    Overwriting symbol font `letters' in version `bold'
(Font)                  OML/ccm/m/it --> OML/ccm/b/it on input line 48.
LaTeX Font Info:    Overwriting symbol font `symbols' in version `bold'
(Font)                  OMS/ccsy/m/n --> OMS/ccsy/b/n on input line 49.
LaTeX Font Info:    Redeclaring math alphabet \mathbf on input line 53.
LaTeX Font Info:    Overwriting math alphabet `\mathbf' in version `normal'
(Font)                  OT1/txr/bx/n --> OT1/ccr/bx/n on input line 53.
LaTeX Font Info:    Overwriting math alphabet `\mathbf' in version `bold'
(Font)                  OT1/txr/bx/n --> OT1/ccr/bx/n on input line 53.
LaTeX Font Info:    Redeclaring math alphabet \mathit on input line 54.
LaTeX Font Info:    Overwriting math alphabet `\mathit' in version `normal'
(Font)                  OT1/txr/m/it --> OT1/ccr/m/it on input line 54.
LaTeX Font Info:    Overwriting math alphabet `\mathit' in version `bold'
(Font)                  OT1/txr/bx/it --> OT1/ccr/m/it on input line 54.
)
(/usr/share/texlive/texmf-dist/tex/generic/pgfplots/libs/tikzlibrarypgfplots.fi
llbetween.code.tex
(/usr/share/texlive/texmf-dist/tex/generic/pgfplots/pgfcontrib/tikzlibraryfillb
etween.code.tex
(/usr/share/texlive/texmf-dist/tex/generic/pgf/frontendlayer/tikz/libraries/tik
zlibraryintersections.code.tex
(/usr/share/texlive/texmf-dist/tex/generic/pgf/libraries/pgflibraryintersection
s.code.tex
\pgf@intersect@solutions=\count332
))
(/usr/share/texlive/texmf-dist/tex/generic/pgfplots/pgfcontrib/tikzlibrarydecor
ations.softclip.code.tex
(/usr/share/texlive/texmf-dist/tex/generic/pgfplots/pgfcontrib/pgflibraryfillbe
tween.code.tex
(/usr/share/texlive/texmf-dist/tex/generic/pgfplots/oldpgfcompatib/pgfplotsoldp
gfsupp_pgflibraryintersections.code.tex
\pgf@intersect@solutions=\count333
))))
(/usr/share/texlive/texmf-dist/tex/generic/pgfplots/libs/tikzlibrarypgfplots.de
corations.softclip.code.tex))
(/usr/share/texlive/texmf-dist/tex/generic/pgf/frontendlayer/tikz/libraries/tik
zlibrarymath.code.tex
\tikz@math@for@depth=\count334
\tikz@math@dimen=\dimen303
\tikz@math@toks=\toks77
)
(/usr/share/texlive/texmf-dist/tex/latex/base/textcomp.sty
Package: textcomp 2017/04/05 v2.0i Standard LaTeX package
Package textcomp Info: Sub-encoding information:
(textcomp)               5 = only ISO-Adobe without \textcurrency
(textcomp)               4 = 5 + \texteuro
(textcomp)               3 = 4 + \textohm
(textcomp)               2 = 3 + \textestimated + \textcurrency
(textcomp)               1 = TS1 - \textcircled - \t
(textcomp)               0 = TS1 (full)
(textcomp)             Font families with sub-encoding setting implement
(textcomp)             only a restricted character set as indicated.
(textcomp)             Family '?' is the default used for unknown fonts.
(textcomp)             See the documentation for details.
Package textcomp Info: Setting ? sub-encoding to TS1/1 on input line 79.

(/usr/share/texlive/texmf-dist/tex/latex/base/ts1enc.def
File: ts1enc.def 2001/06/05 v3.0e (jk/car/fm) Standard LaTeX file
Now handling font encoding TS1 ...
... processing UTF-8 mapping file for font encoding TS1

(/usr/share/texlive/texmf-dist/tex/latex/base/ts1enc.dfu
File: ts1enc.dfu 2018/04/05 v1.2c UTF-8 support for inputenc
   defining Unicode char U+00A2 (decimal 162)
   defining Unicode char U+00A3 (decimal 163)
   defining Unicode char U+00A4 (decimal 164)
   defining Unicode char U+00A5 (decimal 165)
   defining Unicode char U+00A6 (decimal 166)
   defining Unicode char U+00A7 (decimal 167)
   defining Unicode char U+00A8 (decimal 168)
   defining Unicode char U+00A9 (decimal 169)
   defining Unicode char U+00AA (decimal 170)
   defining Unicode char U+00AC (decimal 172)
   defining Unicode char U+00AE (decimal 174)
   defining Unicode char U+00AF (decimal 175)
   defining Unicode char U+00B0 (decimal 176)
   defining Unicode char U+00B1 (decimal 177)
   defining Unicode char U+00B2 (decimal 178)
   defining Unicode char U+00B3 (decimal 179)
   defining Unicode char U+00B4 (decimal 180)
   defining Unicode char U+00B5 (decimal 181)
   defining Unicode char U+00B6 (decimal 182)
   defining Unicode char U+00B7 (decimal 183)
   defining Unicode char U+00B9 (decimal 185)
   defining Unicode char U+00BA (decimal 186)
   defining Unicode char U+00BC (decimal 188)
   defining Unicode char U+00BD (decimal 189)
   defining Unicode char U+00BE (decimal 190)
   defining Unicode char U+00D7 (decimal 215)
   defining Unicode char U+00F7 (decimal 247)
   defining Unicode char U+0192 (decimal 402)
   defining Unicode char U+02C7 (decimal 711)
   defining Unicode char U+02D8 (decimal 728)
   defining Unicode char U+02DD (decimal 733)
   defining Unicode char U+0E3F (decimal 3647)
   defining Unicode char U+2016 (decimal 8214)
   defining Unicode char U+2020 (decimal 8224)
   defining Unicode char U+2021 (decimal 8225)
   defining Unicode char U+2022 (decimal 8226)
   defining Unicode char U+2030 (decimal 8240)
   defining Unicode char U+2031 (decimal 8241)
   defining Unicode char U+203B (decimal 8251)
   defining Unicode char U+203D (decimal 8253)
   defining Unicode char U+2044 (decimal 8260)
   defining Unicode char U+204E (decimal 8270)
   defining Unicode char U+2052 (decimal 8274)
   defining Unicode char U+20A1 (decimal 8353)
   defining Unicode char U+20A4 (decimal 8356)
   defining Unicode char U+20A6 (decimal 8358)
   defining Unicode char U+20A9 (decimal 8361)
   defining Unicode char U+20AB (decimal 8363)
   defining Unicode char U+20AC (decimal 8364)
   defining Unicode char U+20B1 (decimal 8369)
   defining Unicode char U+2103 (decimal 8451)
   defining Unicode char U+2116 (decimal 8470)
   defining Unicode char U+2117 (decimal 8471)
   defining Unicode char U+211E (decimal 8478)
   defining Unicode char U+2120 (decimal 8480)
   defining Unicode char U+2122 (decimal 8482)
   defining Unicode char U+2126 (decimal 8486)
   defining Unicode char U+2127 (decimal 8487)
   defining Unicode char U+212E (decimal 8494)
   defining Unicode char U+2190 (decimal 8592)
   defining Unicode char U+2191 (decimal 8593)
   defining Unicode char U+2192 (decimal 8594)
   defining Unicode char U+2193 (decimal 8595)
   defining Unicode char U+2329 (decimal 9001)
   defining Unicode char U+232A (decimal 9002)
   defining Unicode char U+2422 (decimal 9250)
   defining Unicode char U+25E6 (decimal 9702)
   defining Unicode char U+25EF (decimal 9711)
   defining Unicode char U+266A (decimal 9834)
   defining Unicode char U+FEFF (decimal 65279)
))
LaTeX Info: Redefining \oldstylenums on input line 334.
Package textcomp Info: Setting cmr sub-encoding to TS1/0 on input line 349.
Package textcomp Info: Setting cmss sub-encoding to TS1/0 on input line 350.
Package textcomp Info: Setting cmtt sub-encoding to TS1/0 on input line 351.
Package textcomp Info: Setting cmvtt sub-encoding to TS1/0 on input line 352.
Package textcomp Info: Setting cmbr sub-encoding to TS1/0 on input line 353.
Package textcomp Info: Setting cmtl sub-encoding to TS1/0 on input line 354.
Package textcomp Info: Setting ccr sub-encoding to TS1/0 on input line 355.
Package textcomp Info: Setting ptm sub-encoding to TS1/4 on input line 356.
Package textcomp Info: Setting pcr sub-encoding to TS1/4 on input line 357.
Package textcomp Info: Setting phv sub-encoding to TS1/4 on input line 358.
Package textcomp Info: Setting ppl sub-encoding to TS1/3 on input line 359.
Package textcomp Info: Setting pag sub-encoding to TS1/4 on input line 360.
Package textcomp Info: Setting pbk sub-encoding to TS1/4 on input line 361.
Package textcomp Info: Setting pnc sub-encoding to TS1/4 on input line 362.
Package textcomp Info: Setting pzc sub-encoding to TS1/4 on input line 363.
Package textcomp Info: Setting bch sub-encoding to TS1/4 on input line 364.
Package textcomp Info: Setting put sub-encoding to TS1/5 on input line 365.
Package textcomp Info: Setting uag sub-encoding to TS1/5 on input line 366.
Package textcomp Info: Setting ugq sub-encoding to TS1/5 on input line 367.
Package textcomp Info: Setting ul8 sub-encoding to TS1/4 on input line 368.
Package textcomp Info: Setting ul9 sub-encoding to TS1/4 on input line 369.
Package textcomp Info: Setting augie sub-encoding to TS1/5 on input line 370.
Package textcomp Info: Setting dayrom sub-encoding to TS1/3 on input line 371.
Package textcomp Info: Setting dayroms sub-encoding to TS1/3 on input line 372.

Package textcomp Info: Setting pxr sub-encoding to TS1/0 on input line 373.
Package textcomp Info: Setting pxss sub-encoding to TS1/0 on input line 374.
Package textcomp Info: Setting pxtt sub-encoding to TS1/0 on input line 375.
Package textcomp Info: Setting txr sub-encoding to TS1/0 on input line 376.
Package textcomp Info: Setting txss sub-encoding to TS1/0 on input line 377.
Package textcomp Info: Setting txtt sub-encoding to TS1/0 on input line 378.
Package textcomp Info: Setting lmr sub-encoding to TS1/0 on input line 379.
Package textcomp Info: Setting lmdh sub-encoding to TS1/0 on input line 380.
Package textcomp Info: Setting lmss sub-encoding to TS1/0 on input line 381.
Package textcomp Info: Setting lmssq sub-encoding to TS1/0 on input line 382.
Package textcomp Info: Setting lmvtt sub-encoding to TS1/0 on input line 383.
Package textcomp Info: Setting lmtt sub-encoding to TS1/0 on input line 384.
Package textcomp Info: Setting qhv sub-encoding to TS1/0 on input line 385.
Package textcomp Info: Setting qag sub-encoding to TS1/0 on input line 386.
Package textcomp Info: Setting qbk sub-encoding to TS1/0 on input line 387.
Package textcomp Info: Setting qcr sub-encoding to TS1/0 on input line 388.
Package textcomp Info: Setting qcs sub-encoding to TS1/0 on input line 389.
Package textcomp Info: Setting qpl sub-encoding to TS1/0 on input line 390.
Package textcomp Info: Setting qtm sub-encoding to TS1/0 on input line 391.
Package textcomp Info: Setting qzc sub-encoding to TS1/0 on input line 392.
Package textcomp Info: Setting qhvc sub-encoding to TS1/0 on input line 393.
Package textcomp Info: Setting futs sub-encoding to TS1/4 on input line 394.
Package textcomp Info: Setting futx sub-encoding to TS1/4 on input line 395.
Package textcomp Info: Setting futj sub-encoding to TS1/4 on input line 396.
Package textcomp Info: Setting hlh sub-encoding to TS1/3 on input line 397.
Package textcomp Info: Setting hls sub-encoding to TS1/3 on input line 398.
Package textcomp Info: Setting hlst sub-encoding to TS1/3 on input line 399.
Package textcomp Info: Setting hlct sub-encoding to TS1/5 on input line 400.
Package textcomp Info: Setting hlx sub-encoding to TS1/5 on input line 401.
Package textcomp Info: Setting hlce sub-encoding to TS1/5 on input line 402.
Package textcomp Info: Setting hlcn sub-encoding to TS1/5 on input line 403.
Package textcomp Info: Setting hlcw sub-encoding to TS1/5 on input line 404.
Package textcomp Info: Setting hlcf sub-encoding to TS1/5 on input line 405.
Package textcomp Info: Setting pplx sub-encoding to TS1/3 on input line 406.
Package textcomp Info: Setting pplj sub-encoding to TS1/3 on input line 407.
Package textcomp Info: Setting ptmx sub-encoding to TS1/4 on input line 408.
Package textcomp Info: Setting ptmj sub-encoding to TS1/4 on input line 409.
)
(/usr/share/texlive/texmf-dist/tex/latex/colortbl/colortbl.sty
Package: colortbl 2018/05/02 v1.0c Color table columns (DPC)
\everycr=\toks78
\minrowclearance=\skip115
)
(/usr/share/texlive/texmf-dist/tex/latex/psnfss/courier.sty
Package: courier 2005/04/12 PSNFSS-v9.2a (WaS) 
)
(/usr/share/texlive/texmf-dist/tex/latex/wrapfig/wrapfig.sty
\wrapoverhang=\dimen304
\WF@size=\dimen305
\c@WF@wrappedlines=\count335
\WF@box=\box82
\WF@everypar=\toks79
Package: wrapfig 2003/01/31  v 3.6
)
(/usr/share/texlive/texmf-dist/tex/latex/psnfss/pifont.sty
Package: pifont 2005/04/12 PSNFSS-v9.2a Pi font support (SPQR) 
LaTeX Font Info:    Try loading font information for U+pzd on input line 63.

(/usr/share/texlive/texmf-dist/tex/latex/psnfss/upzd.fd
File: upzd.fd 2001/06/04 font definitions for U/pzd.
)
LaTeX Font Info:    Try loading font information for U+psy on input line 64.

(/usr/share/texlive/texmf-dist/tex/latex/psnfss/upsy.fd
File: upsy.fd 2001/06/04 font definitions for U/psy.
))
(/usr/share/texlive/texmf-dist/tex/generic/pgf/frontendlayer/tikz/libraries/tik
zlibrarychains.code.tex
File: tikzlibrarychains.code.tex 2013/07/15 v3.0.1a (rcs-revision 1.6)
)
(/usr/share/texlive/texmf-dist/tex/generic/pgfplots/libs/tikzlibrarypgfplots.gr
oupplots.code.tex
\pgfplots@group@current@plot=\count336
\pgfplots@group@current@row=\count337
\pgfplots@group@current@column=\count338
)
(/usr/share/texlive/texmf-dist/tex/latex/pgfplots/pgfplotstable.sty
(/usr/share/texlive/texmf-dist/tex/generic/pgfplots/pgfplots.revision.tex)
Package: pgfplotstable 2018/03/28 v1.16 Table typesetting and Pretty-printing (
1.16)

(/usr/share/texlive/texmf-dist/tex/generic/pgfplots/numtable/pgfplotstable.code
.tex
(/usr/share/texlive/texmf-dist/tex/generic/pgfplots/numtable/pgfplotstable.colt
ype.code.tex))) (/usr/share/texlive/texmf-dist/tex/latex/natbib/natbib.sty
Package: natbib 2010/09/13 8.31b (PWD, AO)
\bibhang=\skip116
\bibsep=\skip117
LaTeX Info: Redefining \cite on input line 694.
\c@NAT@ctr=\count339
)
(/usr/share/texlive/texmf-dist/tex/latex/setspace/setspace.sty
Package: setspace 2011/12/19 v6.7a set line spacing
)
(/usr/share/texlive/texmf-dist/tex/generic/pgf/frontendlayer/tikz/libraries/tik
zlibrarymatrix.code.tex
File: tikzlibrarymatrix.code.tex 2013/07/12 v3.0.1a (rcs-revision 1.4)
)
(/usr/share/texlive/texmf-dist/tex/generic/xstring/xstring.sty
(/usr/share/texlive/texmf-dist/tex/generic/xstring/xstring.tex
\@xs@message=\write8
\integerpart=\count340
\decimalpart=\count341
)
Package: xstring 2013/10/13  v1.7c  String manipulations (C Tellechea)
)
(/usr/share/texlive/texmf-dist/tex/latex/sttools/flushend.sty
Package: flushend 2017/03/27 v3.3 Balancing columns in twocolumn mode
\flushend@@lastskip@a=\skip118
\flushend@@lastskip@b=\skip119
\flushend@@lastskip@c=\skip120
\flushend@@penalty@a=\count342
\flushend@@lastkern@a=\dimen306
\var@@temp@spread=\dimen307
\var@@temp@a=\dimen308
\flushend@@page@rule=\dimen309
\flushend@@varbox@a=\box83
\flushend@@varbox@c=\box84
\flushend@@tempbox@a=\box85
\flushend@@tempbox@c=\box86
\@viper=\box87
\hold@viper=\box88
\atColsBreak=\toks80
\atColsEnd=\toks81
)
\c@Dcounter=\count343

(/usr/share/texlive/texmf-dist/tex/latex/SIstyle/sistyle.sty
Package: sistyle 2008/07/16 v2.3a SI units and numbers (DNJ Els)
\ttoks@A=\toks82
\ttoks@B=\toks83
)) (./customdef.tex) (./main.aux)
\openout1 = `main.aux'.

LaTeX Font Info:    Checking defaults for OML/txmi/m/it on input line 24.
LaTeX Font Info:    Try loading font information for OML+txmi on input line 24.

 (/usr/share/texlive/texmf-dist/tex/latex/txfonts/omltxmi.fd
File: omltxmi.fd 2000/12/15 v3.1
)
LaTeX Font Info:    ... okay on input line 24.
LaTeX Font Info:    Checking defaults for T1/cmr/m/n on input line 24.
LaTeX Font Info:    ... okay on input line 24.
LaTeX Font Info:    Checking defaults for OT1/cmr/m/n on input line 24.
LaTeX Font Info:    ... okay on input line 24.
LaTeX Font Info:    Checking defaults for OMS/txsy/m/n on input line 24.
LaTeX Font Info:    Try loading font information for OMS+txsy on input line 24.


(/usr/share/texlive/texmf-dist/tex/latex/txfonts/omstxsy.fd
File: omstxsy.fd 2000/12/15 v3.1
)
LaTeX Font Info:    ... okay on input line 24.
LaTeX Font Info:    Checking defaults for OMX/txex/m/n on input line 24.
LaTeX Font Info:    Try loading font information for OMX+txex on input line 24.


(/usr/share/texlive/texmf-dist/tex/latex/txfonts/omxtxex.fd
File: omxtxex.fd 2000/12/15 v3.1
)
LaTeX Font Info:    ... okay on input line 24.
LaTeX Font Info:    Checking defaults for U/txexa/m/n on input line 24.
LaTeX Font Info:    Try loading font information for U+txexa on input line 24.

(/usr/share/texlive/texmf-dist/tex/latex/txfonts/utxexa.fd
File: utxexa.fd 2000/12/15 v3.1
)
LaTeX Font Info:    ... okay on input line 24.
LaTeX Font Info:    Checking defaults for PD1/pdf/m/n on input line 24.
LaTeX Font Info:    ... okay on input line 24.
LaTeX Font Info:    Checking defaults for TS1/cmr/m/n on input line 24.
LaTeX Font Info:    Try loading font information for TS1+cmr on input line 24.

(/usr/share/texlive/texmf-dist/tex/latex/base/ts1cmr.fd
File: ts1cmr.fd 2014/09/29 v2.5h Standard LaTeX font definitions
)
LaTeX Font Info:    ... okay on input line 24.
LaTeX Font Info:    Try loading font information for OT1+phv on input line 24.

(/usr/share/texlive/texmf-dist/tex/latex/psnfss/ot1phv.fd
File: ot1phv.fd 2001/06/04 scalable font definitions for OT1/phv.
)
LaTeX Font Info:    Font shape `OT1/phv/bx/n' in size <5.01874> not available
(Font)              Font shape `OT1/phv/b/n' tried instead on input line 24.
LaTeX Font Info:    Font shape `OT1/phv/m/it' in size <5.01874> not available
(Font)              Font shape `OT1/phv/m/sl' tried instead on input line 24.
LaTeX Font Info:    Font shape `OT1/phv/bx/it' in size <5.01874> not available
(Font)              Font shape `OT1/phv/b/it' tried instead on input line 24.
LaTeX Font Info:    Font shape `OT1/phv/b/it' in size <5.01874> not available
(Font)              Font shape `OT1/phv/b/sl' tried instead on input line 24.
LaTeX Font Info:    Font shape `OT1/phv/bx/n' in size <7.02625> not available
(Font)              Font shape `OT1/phv/b/n' tried instead on input line 24.
LaTeX Font Info:    Font shape `OT1/phv/m/it' in size <7.02625> not available
(Font)              Font shape `OT1/phv/m/sl' tried instead on input line 24.
LaTeX Font Info:    Font shape `OT1/phv/bx/it' in size <7.02625> not available
(Font)              Font shape `OT1/phv/b/it' tried instead on input line 24.
LaTeX Font Info:    Font shape `OT1/phv/b/it' in size <7.02625> not available
(Font)              Font shape `OT1/phv/b/sl' tried instead on input line 24.
LaTeX Font Info:    Font shape `OT1/phv/bx/n' in size <8.03> not available
(Font)              Font shape `OT1/phv/b/n' tried instead on input line 24.
LaTeX Font Info:    Font shape `OT1/phv/m/it' in size <8.03> not available
(Font)              Font shape `OT1/phv/m/sl' tried instead on input line 24.
LaTeX Font Info:    Font shape `OT1/phv/bx/it' in size <8.03> not available
(Font)              Font shape `OT1/phv/b/it' tried instead on input line 24.
LaTeX Font Info:    Font shape `OT1/phv/b/it' in size <8.03> not available
(Font)              Font shape `OT1/phv/b/sl' tried instead on input line 24.
LaTeX Font Info:    Font shape `OT1/phv/bx/n' in size <9.03374> not available
(Font)              Font shape `OT1/phv/b/n' tried instead on input line 24.
LaTeX Font Info:    Font shape `OT1/phv/m/it' in size <9.03374> not available
(Font)              Font shape `OT1/phv/m/sl' tried instead on input line 24.
LaTeX Font Info:    Font shape `OT1/phv/bx/it' in size <9.03374> not available
(Font)              Font shape `OT1/phv/b/it' tried instead on input line 24.
LaTeX Font Info:    Font shape `OT1/phv/b/it' in size <9.03374> not available
(Font)              Font shape `OT1/phv/b/sl' tried instead on input line 24.
LaTeX Font Info:    Font shape `OT1/phv/bx/n' in size <9.53561> not available
(Font)              Font shape `OT1/phv/b/n' tried instead on input line 24.
LaTeX Font Info:    Font shape `OT1/phv/m/it' in size <9.53561> not available
(Font)              Font shape `OT1/phv/m/sl' tried instead on input line 24.
LaTeX Font Info:    Font shape `OT1/phv/bx/it' in size <9.53561> not available
(Font)              Font shape `OT1/phv/b/it' tried instead on input line 24.
LaTeX Font Info:    Font shape `OT1/phv/b/it' in size <9.53561> not available
(Font)              Font shape `OT1/phv/b/sl' tried instead on input line 24.
LaTeX Font Info:    Font shape `OT1/phv/bx/n' in size <11.04124> not available
(Font)              Font shape `OT1/phv/b/n' tried instead on input line 24.
LaTeX Font Info:    Font shape `OT1/phv/m/it' in size <11.04124> not available
(Font)              Font shape `OT1/phv/m/sl' tried instead on input line 24.
LaTeX Font Info:    Font shape `OT1/phv/bx/it' in size <11.04124> not available

(Font)              Font shape `OT1/phv/b/it' tried instead on input line 24.
LaTeX Font Info:    Font shape `OT1/phv/b/it' in size <11.04124> not available
(Font)              Font shape `OT1/phv/b/sl' tried instead on input line 24.
LaTeX Font Info:    Font shape `OT1/phv/bx/n' in size <12.045> not available
(Font)              Font shape `OT1/phv/b/n' tried instead on input line 24.
LaTeX Font Info:    Font shape `OT1/phv/m/it' in size <12.045> not available
(Font)              Font shape `OT1/phv/m/sl' tried instead on input line 24.
LaTeX Font Info:    Font shape `OT1/phv/bx/it' in size <12.045> not available
(Font)              Font shape `OT1/phv/b/it' tried instead on input line 24.
LaTeX Font Info:    Font shape `OT1/phv/b/it' in size <12.045> not available
(Font)              Font shape `OT1/phv/b/sl' tried instead on input line 24.
LaTeX Font Info:    Font shape `OT1/phv/bx/n' in size <17.06374> not available
(Font)              Font shape `OT1/phv/b/n' tried instead on input line 24.
LaTeX Font Info:    Font shape `OT1/phv/m/it' in size <17.06374> not available
(Font)              Font shape `OT1/phv/m/sl' tried instead on input line 24.
LaTeX Font Info:    Font shape `OT1/phv/bx/it' in size <17.06374> not available

(Font)              Font shape `OT1/phv/b/it' tried instead on input line 24.
LaTeX Font Info:    Font shape `OT1/phv/b/it' in size <17.06374> not available
(Font)              Font shape `OT1/phv/b/sl' tried instead on input line 24.
LaTeX Font Info:    Font shape `OT1/phv/bx/n' in size <20.075> not available
(Font)              Font shape `OT1/phv/b/n' tried instead on input line 24.
LaTeX Font Info:    Font shape `OT1/phv/m/it' in size <20.075> not available
(Font)              Font shape `OT1/phv/m/sl' tried instead on input line 24.
LaTeX Font Info:    Font shape `OT1/phv/bx/it' in size <20.075> not available
(Font)              Font shape `OT1/phv/b/it' tried instead on input line 24.
LaTeX Font Info:    Font shape `OT1/phv/b/it' in size <20.075> not available
(Font)              Font shape `OT1/phv/b/sl' tried instead on input line 24.
LaTeX Font Info:    Font shape `OT1/phv/bx/n' in size <24.09> not available
(Font)              Font shape `OT1/phv/b/n' tried instead on input line 24.
LaTeX Font Info:    Font shape `OT1/phv/m/it' in size <24.09> not available
(Font)              Font shape `OT1/phv/m/sl' tried instead on input line 24.
LaTeX Font Info:    Font shape `OT1/phv/bx/it' in size <24.09> not available
(Font)              Font shape `OT1/phv/b/it' tried instead on input line 24.
LaTeX Font Info:    Font shape `OT1/phv/b/it' in size <24.09> not available
(Font)              Font shape `OT1/phv/b/sl' tried instead on input line 24.

-- Lines per column: 64 (approximate, difference = 2.54019pt).
(/usr/share/texlive/texmf-dist/tex/context/base/mkii/supp-pdf.mkii
[Loading MPS to PDF converter (version 2006.09.02).]
\scratchcounter=\count344
\scratchdimen=\dimen310
\scratchbox=\box89
\nofMPsegments=\count345
\nofMParguments=\count346
\everyMPshowfont=\toks84
\MPscratchCnt=\count347
\MPscratchDim=\dimen311
\MPnumerator=\count348
\makeMPintoPDFobject=\count349
\everyMPtoPDFconversion=\toks85
) (/usr/share/texlive/texmf-dist/tex/latex/oberdiek/epstopdf-base.sty
Package: epstopdf-base 2016/05/15 v2.6 Base part for package epstopdf

(/usr/share/texlive/texmf-dist/tex/latex/oberdiek/grfext.sty
Package: grfext 2016/05/16 v1.2 Manage graphics extensions (HO)
)
Package epstopdf-base Info: Redefining graphics rule for `.eps' on input line 4
38.
Package grfext Info: Graphics extension search list:
(grfext)             [.pdf,.png,.jpg,.mps,.jpeg,.jbig2,.jb2,.PDF,.PNG,.JPG,.JPE
G,.JBIG2,.JB2,.eps]
(grfext)             \AppendGraphicsExtensions on input line 456.

(/usr/share/texlive/texmf-dist/tex/latex/latexconfig/epstopdf-sys.cfg
File: epstopdf-sys.cfg 2010/07/13 v1.3 Configuration of (r)epstopdf for TeX Liv
e
))
\AtBeginShipoutBox=\box90
Package hyperref Info: Link coloring ON on input line 24.

(/usr/share/texlive/texmf-dist/tex/latex/hyperref/nameref.sty
Package: nameref 2016/05/21 v2.44 Cross-referencing by name of section

(/usr/share/texlive/texmf-dist/tex/generic/oberdiek/gettitlestring.sty
Package: gettitlestring 2016/05/16 v1.5 Cleanup title references (HO)
)
\c@section@level=\count350
)
LaTeX Info: Redefining \ref on input line 24.
LaTeX Info: Redefining \pageref on input line 24.
LaTeX Info: Redefining \nameref on input line 24.

(./main.out) (./main.out)
\@outlinefile=\write9
\openout9 = `main.out'.

 ABD: EveryShipout initializing macros

Package pgfplots Warning: running in backwards compatibility mode (unsuitable t
ick labels; missing features). Consider writing \pgfplotsset{compat=1.16} into 
your preamble.
 on input line 24.

*geometry* driver: auto-detecting
*geometry* detected driver: pdftex
*geometry* verbose mode - [ preamble ] result:
* driver: pdftex
* paper: a4paper
* layout: <same size as paper>
* layoutoffset:(h,v)=(0.0pt,0.0pt)
* modes: 
* h-part:(L,W,R)=(46.97505pt, 503.55777pt, 46.97505pt)
* v-part:(T,H,B)=(57.81621pt, 736.64186pt, 50.58878pt)
* \paperwidth=597.50787pt
* \paperheight=845.04684pt
* \textwidth=496.33034pt
* \textheight=743.8693pt
* \oddsidemargin=-25.29494pt
* \evensidemargin=-25.29494pt
* \topmargin=-33.15166pt
* \headheight=12.0pt
* \headsep=6.69788pt
* \topskip=11.58327pt
* \footskip=19.1765pt
* \marginparwidth=20.0pt
* \marginparsep=10.0pt
* \columnsep=12.045pt
* \skip\footins=10.42487pt plus 4.63322pt minus 2.3166pt
* \hoffset=3.61371pt
* \voffset=0.0pt
* \mag=1000
* \@twocolumnfalse
* \@twosidefalse
* \@mparswitchfalse
* \@reversemarginfalse
* (1in=72.27pt=25.4mm, 1cm=28.453pt)

(/usr/share/texlive/texmf-dist/tex/latex/fmtcount/fc-english.def
File: fc-english.def 2016/01/12
)
LaTeX Font Info:    Calculating math sizes for size <9.53561> on input line 24.

LaTeX Font Info:    Try loading font information for OT1+ccr on input line 24.

(/usr/share/texlive/texmf-dist/tex/latex/concmath/ot1ccr.fd
File: ot1ccr.fd 1999/03/10 v2.0b LaTeX font defs for Concrete math fonts
)
LaTeX Font Info:    Try loading font information for OML+ccm on input line 24.

(/usr/share/texlive/texmf-dist/tex/latex/concmath/omlccm.fd
File: omlccm.fd 1999/03/10 v2.0b LaTeX font defs for Concrete math fonts
)
LaTeX Font Info:    Try loading font information for OMS+ccsy on input line 24.


(/usr/share/texlive/texmf-dist/tex/latex/concmath/omsccsy.fd
File: omsccsy.fd 1999/03/10 v2.0b LaTeX font defs for Concrete math fonts
)
LaTeX Font Info:    Try loading font information for OMX+ccex on input line 24.


(/usr/share/texlive/texmf-dist/tex/latex/concmath/omxccex.fd
File: omxccex.fd 1999/03/10 v2.0b LaTeX font defs for Concrete math fonts
)
LaTeX Font Info:    External font `xccex10' loaded for size
(Font)              <9.53561> on input line 24.
LaTeX Font Info:    External font `xccex10' loaded for size
(Font)              <6.6749> on input line 24.
LaTeX Font Info:    External font `xccex10' loaded for size
(Font)              <4.7678> on input line 24.
LaTeX Font Info:    Try loading font information for U+txsya on input line 24.

(/usr/share/texlive/texmf-dist/tex/latex/txfonts/utxsya.fd
File: utxsya.fd 2000/12/15 v3.1
)
LaTeX Font Info:    Try loading font information for U+txsyb on input line 24.

(/usr/share/texlive/texmf-dist/tex/latex/txfonts/utxsyb.fd
File: utxsyb.fd 2000/12/15 v3.1
)
LaTeX Font Info:    Try loading font information for U+rsfs on input line 24.

(/usr/share/texlive/texmf-dist/tex/latex/jknapltx/ursfs.fd
File: ursfs.fd 1998/03/24 rsfs font definition file (jk)
)
LaTeX Font Info:    Try loading font information for OT1+txr on input line 24.

(/usr/share/texlive/texmf-dist/tex/latex/txfonts/ot1txr.fd
File: ot1txr.fd 2000/12/15 v3.1
)
LaTeX Font Info:    Try loading font information for U+txmia on input line 24.

(/usr/share/texlive/texmf-dist/tex/latex/txfonts/utxmia.fd
File: utxmia.fd 2000/12/15 v3.1
)
LaTeX Font Info:    Try loading font information for U+txsyc on input line 24.

(/usr/share/texlive/texmf-dist/tex/latex/txfonts/utxsyc.fd
File: utxsyc.fd 2000/12/15 v3.1
)
LaTeX Font Info:    Try loading font information for OT1+txss on input line 24.


(/usr/share/texlive/texmf-dist/tex/latex/txfonts/ot1txss.fd
File: ot1txss.fd 2000/12/15 v3.1
)
LaTeX Font Info:    Font shape `OT1/txss/m/n' will be
(Font)              scaled to size 9.05879pt on input line 24.
LaTeX Font Info:    Font shape `OT1/txss/m/n' will be
(Font)              scaled to size 6.34113pt on input line 24.
LaTeX Font Info:    Font shape `OT1/txss/m/n' will be
(Font)              scaled to size 4.52939pt on input line 24.
LaTeX Font Info:    Try loading font information for OT1+txtt on input line 24.


(/usr/share/texlive/texmf-dist/tex/latex/txfonts/ot1txtt.fd
File: ot1txtt.fd 2000/12/15 v3.1
)
LaTeX Font Info:    External font `xccex10' loaded for size
(Font)              <10> on input line 26.
LaTeX Font Info:    External font `xccex10' loaded for size
(Font)              <7> on input line 26.
LaTeX Font Info:    External font `xccex10' loaded for size
(Font)              <5> on input line 26.
LaTeX Font Info:    Font shape `OT1/txss/m/n' will be
(Font)              scaled to size 9.49997pt on input line 26.
LaTeX Font Info:    Font shape `OT1/txss/m/n' will be
(Font)              scaled to size 6.64998pt on input line 26.
LaTeX Font Info:    Font shape `OT1/txss/m/n' will be
(Font)              scaled to size 4.74998pt on input line 26.
LaTeX Font Info:    Try loading font information for OT1+pcr on input line 26.

(/usr/share/texlive/texmf-dist/tex/latex/psnfss/ot1pcr.fd
File: ot1pcr.fd 2001/06/04 font definitions for OT1/pcr.
)
LaTeX Font Info:    Font shape `OT1/phv/bx/n' in size <10> not available
(Font)              Font shape `OT1/phv/b/n' tried instead on input line 27.
LaTeX Font Info:    Font shape `OT1/phv/m/it' in size <10> not available
(Font)              Font shape `OT1/phv/m/sl' tried instead on input line 28.
LaTeX Font Info:    Font shape `OT1/phv/bx/n' in size <14.05249> not available
(Font)              Font shape `OT1/phv/b/n' tried instead on input line 35.
LaTeX Font Info:    Font shape `OT1/phv/bx/sc' in size <14.05249> not available

(Font)              Font shape `OT1/phv/b/sc' tried instead on input line 35.
 [1{/usr/share/texlive/texmf-dist/fonts/map/pdftex/updmap/pdftex.map}]
LaTeX Font Info:    Font shape `OT1/phv/bx/n' in size <11> not available
(Font)              Font shape `OT1/phv/b/n' tried instead on input line 50.
 [2

]
LaTeX Font Info:    Font shape `OT1/phv/bx/n' in size <6.6749> not available
(Font)              Font shape `OT1/phv/b/n' tried instead on input line 118.


Package natbib Warning: Citation `Granziero2019' on page 3 undefined on input l
ine 118.

[3] (./main.bbl [4]) [5]

Package natbib Warning: There were undefined citations.

[6


]
Package atveryend Info: Empty hook `BeforeClearDocument' on input line 212.
Package atveryend Info: Empty hook `AfterLastShipout' on input line 212.
 (./main.aux)
Package atveryend Info: Executing hook `AtVeryEndDocument' on input line 212.
Package atveryend Info: Executing hook `AtEndAfterFileList' on input line 212.
Package rerunfilecheck Info: File `main.out' has not changed.
(rerunfilecheck)             Checksum: 7DBCC20C734F62CA9B933DB4207111B0;164.
Package atveryend Info: Empty hook `AtVeryVeryEnd' on input line 212.
 ) 
Here is how much of TeX's memory you used:
 47279 strings out of 492678
 1060254 string characters out of 6133536
 1605613 words of memory out of 11000000
 50225 multiletter control sequences out of 15000+600000
 85761 words of font info for 184 fonts, out of 8000000 for 9000
 1137 hyphenation exceptions out of 8191
 64i,12n,96p,1027b,693s stack positions out of 5000i,500n,10000p,200000b,80000s
{/usr/share/texlive/texmf-dist/fonts/enc/dvips/base/8r.enc} </home/ishanu/.te
xlive2018/texmf-var/fonts/pk/ljfour/public/concmath-fonts/xccmi7.600pk> </home/
ishanu/.texlive2018/texmf-var/fonts/pk/ljfour/public/concrete/ccr7.600pk></usr/
share/texlive/texmf-dist/fonts/type1/public/txfonts/txsya.pfb></usr/share/texli
ve/texmf-dist/fonts/type1/urw/courier/ucrr8a.pfb></usr/share/texlive/texmf-dist
/fonts/type1/urw/helvetic/uhvb8a.pfb></usr/share/texlive/texmf-dist/fonts/type1
/urw/helvetic/uhvr8a.pfb></usr/share/texlive/texmf-dist/fonts/type1/urw/helveti
c/uhvro8a.pfb></usr/share/texlive/texmf-dist/fonts/type1/urw/zapfding/uzdr.pfb>

Output written on main.pdf (6 pages, 66665 bytes).
PDF statistics:
 174 PDF objects out of 1000 (max. 8388607)
 134 compressed objects within 2 object streams
 35 named destinations out of 1000 (max. 500000)
 145 words of extra memory for PDF output out of 10000 (max. 10000000)

